<?xml version="1.0" encoding="UTF-8"?>
<robot generator="Robot 3.1.2 (Python 3.7.4 on win32)" generated="20221012 17:23:30.211" rpa="false">
<suite id="s1" name="Spdocupload" source="C:\Users\ac5qdzz\Desktop\automationcenter_sap\spdocupload.robot">
<test id="s1-t1" name="SAPtask">
<kw name="Log In">
<kw name="Create List" library="BuiltIn">
<doc>Returns a list containing given items.</doc>
<arguments>
<arg>--inprivate</arg>
</arguments>
<assign>
<var>${list}</var>
</assign>
<msg timestamp="20221012 17:23:31.663" level="INFO">${list} = ['--inprivate']</msg>
<status status="PASS" starttime="20221012 17:23:31.662" endtime="20221012 17:23:31.663"></status>
</kw>
<kw name="Create Dictionary" library="BuiltIn">
<doc>Creates and returns a dictionary based on the given ``items``.</doc>
<arguments>
<arg>args=${list}</arg>
</arguments>
<assign>
<var>${args}</var>
</assign>
<msg timestamp="20221012 17:23:31.664" level="INFO">${args} = {'args': ['--inprivate']}</msg>
<status status="PASS" starttime="20221012 17:23:31.663" endtime="20221012 17:23:31.664"></status>
</kw>
<kw name="Create Dictionary" library="BuiltIn">
<doc>Creates and returns a dictionary based on the given ``items``.</doc>
<arguments>
<arg>ms:edgeOptions=${args}</arg>
</arguments>
<assign>
<var>${desired caps}</var>
</assign>
<msg timestamp="20221012 17:23:31.665" level="INFO">${desired caps} = {'ms:edgeOptions': {'args': ['--inprivate']}}</msg>
<status status="PASS" starttime="20221012 17:23:31.664" endtime="20221012 17:23:31.665"></status>
</kw>
<kw name="Open Browser" library="SeleniumLibrary">
<doc>Opens a new browser instance to the optional ``url``.</doc>
<arguments>
<arg>${sapurl}</arg>
<arg>${browser}</arg>
<arg>desired_capabilities=${desired caps}</arg>
<arg>remote_url=http://localhost:9515</arg>
</arguments>
<msg timestamp="20221012 17:23:31.666" level="INFO">Opening browser 'edge' to base url 'http://sapgqy501.mmm.com:50000/sourcing/fsbuyer/contracts/contracts_lineitems,644743169:1004' through remote server at 'http://localhost:9515'.</msg>
<status status="PASS" starttime="20221012 17:23:31.665" endtime="20221012 17:23:34.451"></status>
</kw>
<kw name="Maximize Browser Window" library="SeleniumLibrary">
<doc>Maximizes current browser window.</doc>
<status status="PASS" starttime="20221012 17:23:34.452" endtime="20221012 17:23:34.580"></status>
</kw>
<kw name="Create List" library="BuiltIn">
<doc>Returns a list containing given items.</doc>
<assign>
<var>${valueList}</var>
</assign>
<msg timestamp="20221012 17:23:34.581" level="INFO">${valueList} = []</msg>
<status status="PASS" starttime="20221012 17:23:34.580" endtime="20221012 17:23:34.581"></status>
</kw>
<kw name="Set Global Variable" library="BuiltIn">
<doc>Makes a variable available globally in all tests and suites.</doc>
<arguments>
<arg>${valueList}</arg>
</arguments>
<msg timestamp="20221012 17:23:34.581" level="INFO">${valueList} = []</msg>
<status status="PASS" starttime="20221012 17:23:34.581" endtime="20221012 17:23:34.581"></status>
</kw>
<kw name="Wait Until Page Contains Element" library="SeleniumLibrary">
<doc>Waits until the element ``locator`` appears on the current page.</doc>
<arguments>
<arg>//*[@id="logonuidfield"]</arg>
</arguments>
<status status="PASS" starttime="20221012 17:23:34.582" endtime="20221012 17:23:34.624"></status>
</kw>
<kw name="Input Text" library="SeleniumLibrary">
<doc>Types the given ``text`` into the text field identified by ``locator``.</doc>
<arguments>
<arg>//*[@id="logonuidfield"]</arg>
<arg>${sapusername}</arg>
</arguments>
<msg timestamp="20221012 17:23:34.624" level="INFO">Typing text 'abwkxzz' into text field '//*[@id="logonuidfield"]'.</msg>
<status status="PASS" starttime="20221012 17:23:34.624" endtime="20221012 17:23:35.022"></status>
</kw>
<kw name="Input Text" library="SeleniumLibrary">
<doc>Types the given ``text`` into the text field identified by ``locator``.</doc>
<arguments>
<arg>//*[@id="logonpassfield"]</arg>
<arg>${sppassword}</arg>
</arguments>
<msg timestamp="20221012 17:23:35.022" level="INFO">Typing text 'MIIF15F01@97KD' into text field '//*[@id="logonpassfield"]'.</msg>
<status status="PASS" starttime="20221012 17:23:35.022" endtime="20221012 17:23:35.300"></status>
</kw>
<kw name="Click Element" library="SeleniumLibrary">
<doc>Click the element identified by ``locator``.</doc>
<arguments>
<arg>//*[@name="uidPasswordLogon"]</arg>
</arguments>
<msg timestamp="20221012 17:23:35.301" level="INFO">Clicking element '//*[@name="uidPasswordLogon"]'.</msg>
<status status="PASS" starttime="20221012 17:23:35.301" endtime="20221012 17:23:37.282"></status>
</kw>
<kw name="Wait Until Page Contains Element" library="SeleniumLibrary">
<doc>Waits until the element ``locator`` appears on the current page.</doc>
<arguments>
<arg>//*[@class="TabText"]</arg>
</arguments>
<status status="PASS" starttime="20221012 17:23:37.282" endtime="20221012 17:23:37.299"></status>
</kw>
<kw name="Click Element" library="SeleniumLibrary">
<doc>Click the element identified by ``locator``.</doc>
<arguments>
<arg>//*[@class="TabText"]</arg>
</arguments>
<msg timestamp="20221012 17:23:37.300" level="INFO">Clicking element '//*[@class="TabText"]'.</msg>
<status status="PASS" starttime="20221012 17:23:37.300" endtime="20221012 17:23:37.379"></status>
</kw>
<kw name="Wait Until Page Contains Element" library="SeleniumLibrary">
<doc>Waits until the element ``locator`` appears on the current page.</doc>
<arguments>
<arg>//*[@id="selected_entry"]</arg>
</arguments>
<status status="PASS" starttime="20221012 17:23:37.380" endtime="20221012 17:23:38.442"></status>
</kw>
<kw name="Click Element" library="SeleniumLibrary">
<doc>Click the element identified by ``locator``.</doc>
<arguments>
<arg>//*[@id="selected_entry"]/option[4]</arg>
</arguments>
<msg timestamp="20221012 17:23:38.443" level="INFO">Clicking element '//*[@id="selected_entry"]/option[4]'.</msg>
<status status="PASS" starttime="20221012 17:23:38.443" endtime="20221012 17:23:38.509"></status>
</kw>
<kw name="Wait Until Page Contains Element" library="SeleniumLibrary">
<doc>Waits until the element ``locator`` appears on the current page.</doc>
<arguments>
<arg>//*[contains(text(),"Displaying")]</arg>
</arguments>
<status status="PASS" starttime="20221012 17:23:38.509" endtime="20221012 17:23:39.590"></status>
</kw>
<kw name="Get Text" library="SeleniumLibrary">
<doc>Returns the text value of the element identified by ``locator``.</doc>
<arguments>
<arg>//*[@class="documentToolbarText"][contains(text(),"of")][1]</arg>
</arguments>
<assign>
<var>${pageCount}</var>
</assign>
<msg timestamp="20221012 17:23:39.628" level="INFO">${pageCount} =  of 7 </msg>
<status status="PASS" starttime="20221012 17:23:39.591" endtime="20221012 17:23:39.628"></status>
</kw>
<kw name="Page Count" library="support">
<arguments>
<arg>${pageCount}</arg>
</arguments>
<assign>
<var>${pageCount}</var>
</assign>
<msg timestamp="20221012 17:23:39.628" level="INFO">${pageCount} = 7</msg>
<status status="PASS" starttime="20221012 17:23:39.628" endtime="20221012 17:23:39.628"></status>
</kw>
<kw name="${i} IN RANGE [ ${pageCount} ]" type="for">
<kw name="${i} = 0" type="foritem">
<kw name="Wait Until Page Contains Element" library="SeleniumLibrary">
<doc>Waits until the element ``locator`` appears on the current page.</doc>
<arguments>
<arg>//*[contains(text(),"Displaying")]</arg>
</arguments>
<status status="PASS" starttime="20221012 17:23:39.628" endtime="20221012 17:23:39.640"></status>
</kw>
<kw name="Get Text" library="SeleniumLibrary">
<doc>Returns the text value of the element identified by ``locator``.</doc>
<arguments>
<arg>//*[contains(text(),"Displaying")]</arg>
</arguments>
<assign>
<var>${GetRange}</var>
</assign>
<msg timestamp="20221012 17:23:39.671" level="INFO">${GetRange} =   Displaying 1-50 of 330 records.</msg>
<status status="PASS" starttime="20221012 17:23:39.640" endtime="20221012 17:23:39.671"></status>
</kw>
<kw name="Make Range" library="support">
<arguments>
<arg>${GetRange}</arg>
</arguments>
<assign>
<var>${endRange}</var>
</assign>
<msg timestamp="20221012 17:23:39.672" level="INFO">${endRange} = 49</msg>
<status status="PASS" starttime="20221012 17:23:39.672" endtime="20221012 17:23:39.672"></status>
</kw>
<kw name="Set Global Variable" library="BuiltIn">
<doc>Makes a variable available globally in all tests and suites.</doc>
<arguments>
<arg>${endRange}</arg>
</arguments>
<msg timestamp="20221012 17:23:39.673" level="INFO">${endRange} = 49</msg>
<status status="PASS" starttime="20221012 17:23:39.673" endtime="20221012 17:23:39.673"></status>
</kw>
<kw name="IndividualValue">
<kw name="${i} IN RANGE [ ${endRange} ]" type="for">
<kw name="${i} = 0" type="foritem">
<kw name="Get Text" library="SeleniumLibrary">
<doc>Returns the text value of the element identified by ``locator``.</doc>
<arguments>
<arg>//*[@class="queryResultTable"]/tbody/tr[${${i}+1}]/td[1]</arg>
</arguments>
<assign>
<var>${iValue}</var>
</assign>
<msg timestamp="20221012 17:23:39.730" level="INFO">${iValue} = 2013-00001_CONF</msg>
<status status="PASS" starttime="20221012 17:23:39.674" endtime="20221012 17:23:39.730"></status>
</kw>
<kw name="Append To List" library="Collections">
<doc>Adds ``values`` to the end of ``list``.</doc>
<arguments>
<arg>${valueList}</arg>
<arg>${iValue}</arg>
</arguments>
<status status="PASS" starttime="20221012 17:23:39.730" endtime="20221012 17:23:39.730"></status>
</kw>
<kw name="Wait Until Page Contains Element" library="SeleniumLibrary">
<doc>Waits until the element ``locator`` appears on the current page.</doc>
<arguments>
<arg>//*[@class="queryResultTable"]/tbody</arg>
</arguments>
<status status="PASS" starttime="20221012 17:23:39.731" endtime="20221012 17:23:39.750"></status>
</kw>
<status status="PASS" starttime="20221012 17:23:39.674" endtime="20221012 17:23:39.750"></status>
</kw>
<kw name="${i} = 1" type="foritem">
<kw name="Get Text" library="SeleniumLibrary">
<doc>Returns the text value of the element identified by ``locator``.</doc>
<arguments>
<arg>//*[@class="queryResultTable"]/tbody/tr[${${i}+1}]/td[1]</arg>
</arguments>
<assign>
<var>${iValue}</var>
</assign>
<msg timestamp="20221012 17:23:39.786" level="INFO">${iValue} = 2013-00001_MA</msg>
<status status="PASS" starttime="20221012 17:23:39.750" endtime="20221012 17:23:39.786"></status>
</kw>
<kw name="Append To List" library="Collections">
<doc>Adds ``values`` to the end of ``list``.</doc>
<arguments>
<arg>${valueList}</arg>
<arg>${iValue}</arg>
</arguments>
<status status="PASS" starttime="20221012 17:23:39.786" endtime="20221012 17:23:39.786"></status>
</kw>
<kw name="Wait Until Page Contains Element" library="SeleniumLibrary">
<doc>Waits until the element ``locator`` appears on the current page.</doc>
<arguments>
<arg>//*[@class="queryResultTable"]/tbody</arg>
</arguments>
<status status="PASS" starttime="20221012 17:23:39.787" endtime="20221012 17:23:39.798"></status>
</kw>
<status status="PASS" starttime="20221012 17:23:39.750" endtime="20221012 17:23:39.798"></status>
</kw>
<kw name="${i} = 2" type="foritem">
<kw name="Get Text" library="SeleniumLibrary">
<doc>Returns the text value of the element identified by ``locator``.</doc>
<arguments>
<arg>//*[@class="queryResultTable"]/tbody/tr[${${i}+1}]/td[1]</arg>
</arguments>
<assign>
<var>${iValue}</var>
</assign>
<msg timestamp="20221012 17:23:39.838" level="INFO">${iValue} = 2013-00003_MA</msg>
<status status="PASS" starttime="20221012 17:23:39.799" endtime="20221012 17:23:39.838"></status>
</kw>
<kw name="Append To List" library="Collections">
<doc>Adds ``values`` to the end of ``list``.</doc>
<arguments>
<arg>${valueList}</arg>
<arg>${iValue}</arg>
</arguments>
<status status="PASS" starttime="20221012 17:23:39.838" endtime="20221012 17:23:39.839"></status>
</kw>
<kw name="Wait Until Page Contains Element" library="SeleniumLibrary">
<doc>Waits until the element ``locator`` appears on the current page.</doc>
<arguments>
<arg>//*[@class="queryResultTable"]/tbody</arg>
</arguments>
<status status="PASS" starttime="20221012 17:23:39.839" endtime="20221012 17:23:39.851"></status>
</kw>
<status status="PASS" starttime="20221012 17:23:39.798" endtime="20221012 17:23:39.851"></status>
</kw>
<kw name="${i} = 3" type="foritem">
<kw name="Get Text" library="SeleniumLibrary">
<doc>Returns the text value of the element identified by ``locator``.</doc>
<arguments>
<arg>//*[@class="queryResultTable"]/tbody/tr[${${i}+1}]/td[1]</arg>
</arguments>
<assign>
<var>${iValue}</var>
</assign>
<msg timestamp="20221012 17:23:39.887" level="INFO">${iValue} = 2013-00004_MA</msg>
<status status="PASS" starttime="20221012 17:23:39.851" endtime="20221012 17:23:39.888"></status>
</kw>
<kw name="Append To List" library="Collections">
<doc>Adds ``values`` to the end of ``list``.</doc>
<arguments>
<arg>${valueList}</arg>
<arg>${iValue}</arg>
</arguments>
<status status="PASS" starttime="20221012 17:23:39.888" endtime="20221012 17:23:39.888"></status>
</kw>
<kw name="Wait Until Page Contains Element" library="SeleniumLibrary">
<doc>Waits until the element ``locator`` appears on the current page.</doc>
<arguments>
<arg>//*[@class="queryResultTable"]/tbody</arg>
</arguments>
<status status="PASS" starttime="20221012 17:23:39.889" endtime="20221012 17:23:39.900"></status>
</kw>
<status status="PASS" starttime="20221012 17:23:39.851" endtime="20221012 17:23:39.901"></status>
</kw>
<kw name="${i} = 4" type="foritem">
<kw name="Get Text" library="SeleniumLibrary">
<doc>Returns the text value of the element identified by ``locator``.</doc>
<arguments>
<arg>//*[@class="queryResultTable"]/tbody/tr[${${i}+1}]/td[1]</arg>
</arguments>
<assign>
<var>${iValue}</var>
</assign>
<msg timestamp="20221012 17:23:39.938" level="INFO">${iValue} = 2013-00005_MA</msg>
<status status="PASS" starttime="20221012 17:23:39.901" endtime="20221012 17:23:39.938"></status>
</kw>
<kw name="Append To List" library="Collections">
<doc>Adds ``values`` to the end of ``list``.</doc>
<arguments>
<arg>${valueList}</arg>
<arg>${iValue}</arg>
</arguments>
<status status="PASS" starttime="20221012 17:23:39.938" endtime="20221012 17:23:39.939"></status>
</kw>
<kw name="Wait Until Page Contains Element" library="SeleniumLibrary">
<doc>Waits until the element ``locator`` appears on the current page.</doc>
<arguments>
<arg>//*[@class="queryResultTable"]/tbody</arg>
</arguments>
<status status="PASS" starttime="20221012 17:23:39.939" endtime="20221012 17:23:39.952"></status>
</kw>
<status status="PASS" starttime="20221012 17:23:39.901" endtime="20221012 17:23:39.952"></status>
</kw>
<kw name="${i} = 5" type="foritem">
<kw name="Get Text" library="SeleniumLibrary">
<doc>Returns the text value of the element identified by ``locator``.</doc>
<arguments>
<arg>//*[@class="queryResultTable"]/tbody/tr[${${i}+1}]/td[1]</arg>
</arguments>
<assign>
<var>${iValue}</var>
</assign>
<msg timestamp="20221012 17:23:39.998" level="INFO">${iValue} = 2013-00006_MA</msg>
<status status="PASS" starttime="20221012 17:23:39.953" endtime="20221012 17:23:39.998"></status>
</kw>
<kw name="Append To List" library="Collections">
<doc>Adds ``values`` to the end of ``list``.</doc>
<arguments>
<arg>${valueList}</arg>
<arg>${iValue}</arg>
</arguments>
<status status="PASS" starttime="20221012 17:23:39.999" endtime="20221012 17:23:39.999"></status>
</kw>
<kw name="Wait Until Page Contains Element" library="SeleniumLibrary">
<doc>Waits until the element ``locator`` appears on the current page.</doc>
<arguments>
<arg>//*[@class="queryResultTable"]/tbody</arg>
</arguments>
<status status="PASS" starttime="20221012 17:23:40.000" endtime="20221012 17:23:40.013"></status>
</kw>
<status status="PASS" starttime="20221012 17:23:39.953" endtime="20221012 17:23:40.013"></status>
</kw>
<kw name="${i} = 6" type="foritem">
<kw name="Get Text" library="SeleniumLibrary">
<doc>Returns the text value of the element identified by ``locator``.</doc>
<arguments>
<arg>//*[@class="queryResultTable"]/tbody/tr[${${i}+1}]/td[1]</arg>
</arguments>
<assign>
<var>${iValue}</var>
</assign>
<msg timestamp="20221012 17:23:40.053" level="INFO">${iValue} = 2013-00007_MA</msg>
<status status="PASS" starttime="20221012 17:23:40.013" endtime="20221012 17:23:40.053"></status>
</kw>
<kw name="Append To List" library="Collections">
<doc>Adds ``values`` to the end of ``list``.</doc>
<arguments>
<arg>${valueList}</arg>
<arg>${iValue}</arg>
</arguments>
<status status="PASS" starttime="20221012 17:23:40.054" endtime="20221012 17:23:40.054"></status>
</kw>
<kw name="Wait Until Page Contains Element" library="SeleniumLibrary">
<doc>Waits until the element ``locator`` appears on the current page.</doc>
<arguments>
<arg>//*[@class="queryResultTable"]/tbody</arg>
</arguments>
<status status="PASS" starttime="20221012 17:23:40.054" endtime="20221012 17:23:40.081"></status>
</kw>
<status status="PASS" starttime="20221012 17:23:40.013" endtime="20221012 17:23:40.081"></status>
</kw>
<kw name="${i} = 7" type="foritem">
<kw name="Get Text" library="SeleniumLibrary">
<doc>Returns the text value of the element identified by ``locator``.</doc>
<arguments>
<arg>//*[@class="queryResultTable"]/tbody/tr[${${i}+1}]/td[1]</arg>
</arguments>
<assign>
<var>${iValue}</var>
</assign>
<msg timestamp="20221012 17:23:40.167" level="INFO">${iValue} = 2013-00008_MA</msg>
<status status="PASS" starttime="20221012 17:23:40.082" endtime="20221012 17:23:40.167"></status>
</kw>
<kw name="Append To List" library="Collections">
<doc>Adds ``values`` to the end of ``list``.</doc>
<arguments>
<arg>${valueList}</arg>
<arg>${iValue}</arg>
</arguments>
<status status="PASS" starttime="20221012 17:23:40.167" endtime="20221012 17:23:40.168"></status>
</kw>
<kw name="Wait Until Page Contains Element" library="SeleniumLibrary">
<doc>Waits until the element ``locator`` appears on the current page.</doc>
<arguments>
<arg>//*[@class="queryResultTable"]/tbody</arg>
</arguments>
<status status="PASS" starttime="20221012 17:23:40.168" endtime="20221012 17:23:40.188"></status>
</kw>
<status status="PASS" starttime="20221012 17:23:40.081" endtime="20221012 17:23:40.189"></status>
</kw>
<kw name="${i} = 8" type="foritem">
<kw name="Get Text" library="SeleniumLibrary">
<doc>Returns the text value of the element identified by ``locator``.</doc>
<arguments>
<arg>//*[@class="queryResultTable"]/tbody/tr[${${i}+1}]/td[1]</arg>
</arguments>
<assign>
<var>${iValue}</var>
</assign>
<msg timestamp="20221012 17:23:40.224" level="INFO">${iValue} = 2013-00009_MA</msg>
<status status="PASS" starttime="20221012 17:23:40.189" endtime="20221012 17:23:40.224"></status>
</kw>
<kw name="Append To List" library="Collections">
<doc>Adds ``values`` to the end of ``list``.</doc>
<arguments>
<arg>${valueList}</arg>
<arg>${iValue}</arg>
</arguments>
<status status="PASS" starttime="20221012 17:23:40.224" endtime="20221012 17:23:40.225"></status>
</kw>
<kw name="Wait Until Page Contains Element" library="SeleniumLibrary">
<doc>Waits until the element ``locator`` appears on the current page.</doc>
<arguments>
<arg>//*[@class="queryResultTable"]/tbody</arg>
</arguments>
<status status="PASS" starttime="20221012 17:23:40.225" endtime="20221012 17:23:40.237"></status>
</kw>
<status status="PASS" starttime="20221012 17:23:40.189" endtime="20221012 17:23:40.237"></status>
</kw>
<kw name="${i} = 9" type="foritem">
<kw name="Get Text" library="SeleniumLibrary">
<doc>Returns the text value of the element identified by ``locator``.</doc>
<arguments>
<arg>//*[@class="queryResultTable"]/tbody/tr[${${i}+1}]/td[1]</arg>
</arguments>
<assign>
<var>${iValue}</var>
</assign>
<msg timestamp="20221012 17:23:40.282" level="INFO">${iValue} = 2013-00010_MA</msg>
<status status="PASS" starttime="20221012 17:23:40.237" endtime="20221012 17:23:40.282"></status>
</kw>
<kw name="Append To List" library="Collections">
<doc>Adds ``values`` to the end of ``list``.</doc>
<arguments>
<arg>${valueList}</arg>
<arg>${iValue}</arg>
</arguments>
<status status="PASS" starttime="20221012 17:23:40.283" endtime="20221012 17:23:40.283"></status>
</kw>
<kw name="Wait Until Page Contains Element" library="SeleniumLibrary">
<doc>Waits until the element ``locator`` appears on the current page.</doc>
<arguments>
<arg>//*[@class="queryResultTable"]/tbody</arg>
</arguments>
<status status="PASS" starttime="20221012 17:23:40.283" endtime="20221012 17:23:40.299"></status>
</kw>
<status status="PASS" starttime="20221012 17:23:40.237" endtime="20221012 17:23:40.299"></status>
</kw>
<kw name="${i} = 10" type="foritem">
<kw name="Get Text" library="SeleniumLibrary">
<doc>Returns the text value of the element identified by ``locator``.</doc>
<arguments>
<arg>//*[@class="queryResultTable"]/tbody/tr[${${i}+1}]/td[1]</arg>
</arguments>
<assign>
<var>${iValue}</var>
</assign>
<msg timestamp="20221012 17:23:40.355" level="INFO">${iValue} = 2013-00011_MA</msg>
<status status="PASS" starttime="20221012 17:23:40.300" endtime="20221012 17:23:40.355"></status>
</kw>
<kw name="Append To List" library="Collections">
<doc>Adds ``values`` to the end of ``list``.</doc>
<arguments>
<arg>${valueList}</arg>
<arg>${iValue}</arg>
</arguments>
<status status="PASS" starttime="20221012 17:23:40.355" endtime="20221012 17:23:40.356"></status>
</kw>
<kw name="Wait Until Page Contains Element" library="SeleniumLibrary">
<doc>Waits until the element ``locator`` appears on the current page.</doc>
<arguments>
<arg>//*[@class="queryResultTable"]/tbody</arg>
</arguments>
<status status="PASS" starttime="20221012 17:23:40.356" endtime="20221012 17:23:40.382"></status>
</kw>
<status status="PASS" starttime="20221012 17:23:40.299" endtime="20221012 17:23:40.395"></status>
</kw>
<kw name="${i} = 11" type="foritem">
<kw name="Get Text" library="SeleniumLibrary">
<doc>Returns the text value of the element identified by ``locator``.</doc>
<arguments>
<arg>//*[@class="queryResultTable"]/tbody/tr[${${i}+1}]/td[1]</arg>
</arguments>
<assign>
<var>${iValue}</var>
</assign>
<msg timestamp="20221012 17:23:40.488" level="INFO">${iValue} = 2013-00012_MA</msg>
<status status="PASS" starttime="20221012 17:23:40.396" endtime="20221012 17:23:40.488"></status>
</kw>
<kw name="Append To List" library="Collections">
<doc>Adds ``values`` to the end of ``list``.</doc>
<arguments>
<arg>${valueList}</arg>
<arg>${iValue}</arg>
</arguments>
<status status="PASS" starttime="20221012 17:23:40.488" endtime="20221012 17:23:40.489"></status>
</kw>
<kw name="Wait Until Page Contains Element" library="SeleniumLibrary">
<doc>Waits until the element ``locator`` appears on the current page.</doc>
<arguments>
<arg>//*[@class="queryResultTable"]/tbody</arg>
</arguments>
<status status="PASS" starttime="20221012 17:23:40.489" endtime="20221012 17:23:40.502"></status>
</kw>
<status status="PASS" starttime="20221012 17:23:40.396" endtime="20221012 17:23:40.502"></status>
</kw>
<kw name="${i} = 12" type="foritem">
<kw name="Get Text" library="SeleniumLibrary">
<doc>Returns the text value of the element identified by ``locator``.</doc>
<arguments>
<arg>//*[@class="queryResultTable"]/tbody/tr[${${i}+1}]/td[1]</arg>
</arguments>
<assign>
<var>${iValue}</var>
</assign>
<msg timestamp="20221012 17:23:40.559" level="INFO">${iValue} = 2013-00013_MA</msg>
<status status="PASS" starttime="20221012 17:23:40.503" endtime="20221012 17:23:40.559"></status>
</kw>
<kw name="Append To List" library="Collections">
<doc>Adds ``values`` to the end of ``list``.</doc>
<arguments>
<arg>${valueList}</arg>
<arg>${iValue}</arg>
</arguments>
<status status="PASS" starttime="20221012 17:23:40.559" endtime="20221012 17:23:40.560"></status>
</kw>
<kw name="Wait Until Page Contains Element" library="SeleniumLibrary">
<doc>Waits until the element ``locator`` appears on the current page.</doc>
<arguments>
<arg>//*[@class="queryResultTable"]/tbody</arg>
</arguments>
<status status="PASS" starttime="20221012 17:23:40.560" endtime="20221012 17:23:40.572"></status>
</kw>
<status status="PASS" starttime="20221012 17:23:40.502" endtime="20221012 17:23:40.573"></status>
</kw>
<kw name="${i} = 13" type="foritem">
<kw name="Get Text" library="SeleniumLibrary">
<doc>Returns the text value of the element identified by ``locator``.</doc>
<arguments>
<arg>//*[@class="queryResultTable"]/tbody/tr[${${i}+1}]/td[1]</arg>
</arguments>
<assign>
<var>${iValue}</var>
</assign>
<msg timestamp="20221012 17:23:40.624" level="INFO">${iValue} = 2013-00014_MA</msg>
<status status="PASS" starttime="20221012 17:23:40.573" endtime="20221012 17:23:40.624"></status>
</kw>
<kw name="Append To List" library="Collections">
<doc>Adds ``values`` to the end of ``list``.</doc>
<arguments>
<arg>${valueList}</arg>
<arg>${iValue}</arg>
</arguments>
<status status="PASS" starttime="20221012 17:23:40.625" endtime="20221012 17:23:40.625"></status>
</kw>
<kw name="Wait Until Page Contains Element" library="SeleniumLibrary">
<doc>Waits until the element ``locator`` appears on the current page.</doc>
<arguments>
<arg>//*[@class="queryResultTable"]/tbody</arg>
</arguments>
<status status="PASS" starttime="20221012 17:23:40.625" endtime="20221012 17:23:40.655"></status>
</kw>
<status status="PASS" starttime="20221012 17:23:40.573" endtime="20221012 17:23:40.655"></status>
</kw>
<kw name="${i} = 14" type="foritem">
<kw name="Get Text" library="SeleniumLibrary">
<doc>Returns the text value of the element identified by ``locator``.</doc>
<arguments>
<arg>//*[@class="queryResultTable"]/tbody/tr[${${i}+1}]/td[1]</arg>
</arguments>
<assign>
<var>${iValue}</var>
</assign>
<msg timestamp="20221012 17:23:40.701" level="INFO">${iValue} = 2013-00015_MA</msg>
<status status="PASS" starttime="20221012 17:23:40.656" endtime="20221012 17:23:40.702"></status>
</kw>
<kw name="Append To List" library="Collections">
<doc>Adds ``values`` to the end of ``list``.</doc>
<arguments>
<arg>${valueList}</arg>
<arg>${iValue}</arg>
</arguments>
<status status="PASS" starttime="20221012 17:23:40.702" endtime="20221012 17:23:40.702"></status>
</kw>
<kw name="Wait Until Page Contains Element" library="SeleniumLibrary">
<doc>Waits until the element ``locator`` appears on the current page.</doc>
<arguments>
<arg>//*[@class="queryResultTable"]/tbody</arg>
</arguments>
<status status="PASS" starttime="20221012 17:23:40.702" endtime="20221012 17:23:40.801"></status>
</kw>
<status status="PASS" starttime="20221012 17:23:40.655" endtime="20221012 17:23:40.802"></status>
</kw>
<kw name="${i} = 15" type="foritem">
<kw name="Get Text" library="SeleniumLibrary">
<doc>Returns the text value of the element identified by ``locator``.</doc>
<arguments>
<arg>//*[@class="queryResultTable"]/tbody/tr[${${i}+1}]/td[1]</arg>
</arguments>
<assign>
<var>${iValue}</var>
</assign>
<msg timestamp="20221012 17:23:40.894" level="INFO">${iValue} = 2013-00016_MA</msg>
<status status="PASS" starttime="20221012 17:23:40.802" endtime="20221012 17:23:40.894"></status>
</kw>
<kw name="Append To List" library="Collections">
<doc>Adds ``values`` to the end of ``list``.</doc>
<arguments>
<arg>${valueList}</arg>
<arg>${iValue}</arg>
</arguments>
<status status="PASS" starttime="20221012 17:23:40.894" endtime="20221012 17:23:40.895"></status>
</kw>
<kw name="Wait Until Page Contains Element" library="SeleniumLibrary">
<doc>Waits until the element ``locator`` appears on the current page.</doc>
<arguments>
<arg>//*[@class="queryResultTable"]/tbody</arg>
</arguments>
<status status="PASS" starttime="20221012 17:23:40.895" endtime="20221012 17:23:40.913"></status>
</kw>
<status status="PASS" starttime="20221012 17:23:40.802" endtime="20221012 17:23:40.914"></status>
</kw>
<kw name="${i} = 16" type="foritem">
<kw name="Get Text" library="SeleniumLibrary">
<doc>Returns the text value of the element identified by ``locator``.</doc>
<arguments>
<arg>//*[@class="queryResultTable"]/tbody/tr[${${i}+1}]/td[1]</arg>
</arguments>
<assign>
<var>${iValue}</var>
</assign>
<msg timestamp="20221012 17:23:40.955" level="INFO">${iValue} = 2013-00017_MA</msg>
<status status="PASS" starttime="20221012 17:23:40.914" endtime="20221012 17:23:40.956"></status>
</kw>
<kw name="Append To List" library="Collections">
<doc>Adds ``values`` to the end of ``list``.</doc>
<arguments>
<arg>${valueList}</arg>
<arg>${iValue}</arg>
</arguments>
<status status="PASS" starttime="20221012 17:23:40.956" endtime="20221012 17:23:40.956"></status>
</kw>
<kw name="Wait Until Page Contains Element" library="SeleniumLibrary">
<doc>Waits until the element ``locator`` appears on the current page.</doc>
<arguments>
<arg>//*[@class="queryResultTable"]/tbody</arg>
</arguments>
<status status="PASS" starttime="20221012 17:23:40.957" endtime="20221012 17:23:40.983"></status>
</kw>
<status status="PASS" starttime="20221012 17:23:40.914" endtime="20221012 17:23:40.984"></status>
</kw>
<kw name="${i} = 17" type="foritem">
<kw name="Get Text" library="SeleniumLibrary">
<doc>Returns the text value of the element identified by ``locator``.</doc>
<arguments>
<arg>//*[@class="queryResultTable"]/tbody/tr[${${i}+1}]/td[1]</arg>
</arguments>
<assign>
<var>${iValue}</var>
</assign>
<msg timestamp="20221012 17:23:41.040" level="INFO">${iValue} = 2013-00018_MA</msg>
<status status="PASS" starttime="20221012 17:23:40.984" endtime="20221012 17:23:41.040"></status>
</kw>
<kw name="Append To List" library="Collections">
<doc>Adds ``values`` to the end of ``list``.</doc>
<arguments>
<arg>${valueList}</arg>
<arg>${iValue}</arg>
</arguments>
<status status="PASS" starttime="20221012 17:23:41.041" endtime="20221012 17:23:41.041"></status>
</kw>
<kw name="Wait Until Page Contains Element" library="SeleniumLibrary">
<doc>Waits until the element ``locator`` appears on the current page.</doc>
<arguments>
<arg>//*[@class="queryResultTable"]/tbody</arg>
</arguments>
<status status="PASS" starttime="20221012 17:23:41.041" endtime="20221012 17:23:41.059"></status>
</kw>
<status status="PASS" starttime="20221012 17:23:40.984" endtime="20221012 17:23:41.059"></status>
</kw>
<kw name="${i} = 18" type="foritem">
<kw name="Get Text" library="SeleniumLibrary">
<doc>Returns the text value of the element identified by ``locator``.</doc>
<arguments>
<arg>//*[@class="queryResultTable"]/tbody/tr[${${i}+1}]/td[1]</arg>
</arguments>
<assign>
<var>${iValue}</var>
</assign>
<msg timestamp="20221012 17:23:41.105" level="INFO">${iValue} = 2013-00019_MA</msg>
<status status="PASS" starttime="20221012 17:23:41.060" endtime="20221012 17:23:41.105"></status>
</kw>
<kw name="Append To List" library="Collections">
<doc>Adds ``values`` to the end of ``list``.</doc>
<arguments>
<arg>${valueList}</arg>
<arg>${iValue}</arg>
</arguments>
<status status="PASS" starttime="20221012 17:23:41.105" endtime="20221012 17:23:41.106"></status>
</kw>
<kw name="Wait Until Page Contains Element" library="SeleniumLibrary">
<doc>Waits until the element ``locator`` appears on the current page.</doc>
<arguments>
<arg>//*[@class="queryResultTable"]/tbody</arg>
</arguments>
<status status="PASS" starttime="20221012 17:23:41.106" endtime="20221012 17:23:41.117"></status>
</kw>
<status status="PASS" starttime="20221012 17:23:41.060" endtime="20221012 17:23:41.117"></status>
</kw>
<kw name="${i} = 19" type="foritem">
<kw name="Get Text" library="SeleniumLibrary">
<doc>Returns the text value of the element identified by ``locator``.</doc>
<arguments>
<arg>//*[@class="queryResultTable"]/tbody/tr[${${i}+1}]/td[1]</arg>
</arguments>
<assign>
<var>${iValue}</var>
</assign>
<msg timestamp="20221012 17:23:41.182" level="INFO">${iValue} = 2013-00020_MA</msg>
<status status="PASS" starttime="20221012 17:23:41.118" endtime="20221012 17:23:41.183"></status>
</kw>
<kw name="Append To List" library="Collections">
<doc>Adds ``values`` to the end of ``list``.</doc>
<arguments>
<arg>${valueList}</arg>
<arg>${iValue}</arg>
</arguments>
<status status="PASS" starttime="20221012 17:23:41.183" endtime="20221012 17:23:41.183"></status>
</kw>
<kw name="Wait Until Page Contains Element" library="SeleniumLibrary">
<doc>Waits until the element ``locator`` appears on the current page.</doc>
<arguments>
<arg>//*[@class="queryResultTable"]/tbody</arg>
</arguments>
<status status="PASS" starttime="20221012 17:23:41.184" endtime="20221012 17:23:41.196"></status>
</kw>
<status status="PASS" starttime="20221012 17:23:41.117" endtime="20221012 17:23:41.196"></status>
</kw>
<kw name="${i} = 20" type="foritem">
<kw name="Get Text" library="SeleniumLibrary">
<doc>Returns the text value of the element identified by ``locator``.</doc>
<arguments>
<arg>//*[@class="queryResultTable"]/tbody/tr[${${i}+1}]/td[1]</arg>
</arguments>
<assign>
<var>${iValue}</var>
</assign>
<msg timestamp="20221012 17:23:41.244" level="INFO">${iValue} = 2013-00021_MA</msg>
<status status="PASS" starttime="20221012 17:23:41.197" endtime="20221012 17:23:41.245"></status>
</kw>
<kw name="Append To List" library="Collections">
<doc>Adds ``values`` to the end of ``list``.</doc>
<arguments>
<arg>${valueList}</arg>
<arg>${iValue}</arg>
</arguments>
<status status="PASS" starttime="20221012 17:23:41.245" endtime="20221012 17:23:41.245"></status>
</kw>
<kw name="Wait Until Page Contains Element" library="SeleniumLibrary">
<doc>Waits until the element ``locator`` appears on the current page.</doc>
<arguments>
<arg>//*[@class="queryResultTable"]/tbody</arg>
</arguments>
<status status="PASS" starttime="20221012 17:23:41.246" endtime="20221012 17:23:41.267"></status>
</kw>
<status status="PASS" starttime="20221012 17:23:41.197" endtime="20221012 17:23:41.267"></status>
</kw>
<kw name="${i} = 21" type="foritem">
<kw name="Get Text" library="SeleniumLibrary">
<doc>Returns the text value of the element identified by ``locator``.</doc>
<arguments>
<arg>//*[@class="queryResultTable"]/tbody/tr[${${i}+1}]/td[1]</arg>
</arguments>
<assign>
<var>${iValue}</var>
</assign>
<msg timestamp="20221012 17:23:41.306" level="INFO">${iValue} = 2013-00022_MA</msg>
<status status="PASS" starttime="20221012 17:23:41.267" endtime="20221012 17:23:41.306"></status>
</kw>
<kw name="Append To List" library="Collections">
<doc>Adds ``values`` to the end of ``list``.</doc>
<arguments>
<arg>${valueList}</arg>
<arg>${iValue}</arg>
</arguments>
<status status="PASS" starttime="20221012 17:23:41.306" endtime="20221012 17:23:41.307"></status>
</kw>
<kw name="Wait Until Page Contains Element" library="SeleniumLibrary">
<doc>Waits until the element ``locator`` appears on the current page.</doc>
<arguments>
<arg>//*[@class="queryResultTable"]/tbody</arg>
</arguments>
<status status="PASS" starttime="20221012 17:23:41.307" endtime="20221012 17:23:41.319"></status>
</kw>
<status status="PASS" starttime="20221012 17:23:41.267" endtime="20221012 17:23:41.319"></status>
</kw>
<kw name="${i} = 22" type="foritem">
<kw name="Get Text" library="SeleniumLibrary">
<doc>Returns the text value of the element identified by ``locator``.</doc>
<arguments>
<arg>//*[@class="queryResultTable"]/tbody/tr[${${i}+1}]/td[1]</arg>
</arguments>
<assign>
<var>${iValue}</var>
</assign>
<msg timestamp="20221012 17:23:41.371" level="INFO">${iValue} = 2013-00023_MA</msg>
<status status="PASS" starttime="20221012 17:23:41.319" endtime="20221012 17:23:41.371"></status>
</kw>
<kw name="Append To List" library="Collections">
<doc>Adds ``values`` to the end of ``list``.</doc>
<arguments>
<arg>${valueList}</arg>
<arg>${iValue}</arg>
</arguments>
<status status="PASS" starttime="20221012 17:23:41.371" endtime="20221012 17:23:41.371"></status>
</kw>
<kw name="Wait Until Page Contains Element" library="SeleniumLibrary">
<doc>Waits until the element ``locator`` appears on the current page.</doc>
<arguments>
<arg>//*[@class="queryResultTable"]/tbody</arg>
</arguments>
<status status="PASS" starttime="20221012 17:23:41.372" endtime="20221012 17:23:41.384"></status>
</kw>
<status status="PASS" starttime="20221012 17:23:41.319" endtime="20221012 17:23:41.384"></status>
</kw>
<kw name="${i} = 23" type="foritem">
<kw name="Get Text" library="SeleniumLibrary">
<doc>Returns the text value of the element identified by ``locator``.</doc>
<arguments>
<arg>//*[@class="queryResultTable"]/tbody/tr[${${i}+1}]/td[1]</arg>
</arguments>
<assign>
<var>${iValue}</var>
</assign>
<msg timestamp="20221012 17:23:41.420" level="INFO">${iValue} = 2013-00024_MA</msg>
<status status="PASS" starttime="20221012 17:23:41.385" endtime="20221012 17:23:41.421"></status>
</kw>
<kw name="Append To List" library="Collections">
<doc>Adds ``values`` to the end of ``list``.</doc>
<arguments>
<arg>${valueList}</arg>
<arg>${iValue}</arg>
</arguments>
<status status="PASS" starttime="20221012 17:23:41.421" endtime="20221012 17:23:41.421"></status>
</kw>
<kw name="Wait Until Page Contains Element" library="SeleniumLibrary">
<doc>Waits until the element ``locator`` appears on the current page.</doc>
<arguments>
<arg>//*[@class="queryResultTable"]/tbody</arg>
</arguments>
<status status="PASS" starttime="20221012 17:23:41.422" endtime="20221012 17:23:41.436"></status>
</kw>
<status status="PASS" starttime="20221012 17:23:41.385" endtime="20221012 17:23:41.436"></status>
</kw>
<kw name="${i} = 24" type="foritem">
<kw name="Get Text" library="SeleniumLibrary">
<doc>Returns the text value of the element identified by ``locator``.</doc>
<arguments>
<arg>//*[@class="queryResultTable"]/tbody/tr[${${i}+1}]/td[1]</arg>
</arguments>
<assign>
<var>${iValue}</var>
</assign>
<msg timestamp="20221012 17:23:41.473" level="INFO">${iValue} = 2013-00025_MA</msg>
<status status="PASS" starttime="20221012 17:23:41.437" endtime="20221012 17:23:41.473"></status>
</kw>
<kw name="Append To List" library="Collections">
<doc>Adds ``values`` to the end of ``list``.</doc>
<arguments>
<arg>${valueList}</arg>
<arg>${iValue}</arg>
</arguments>
<status status="PASS" starttime="20221012 17:23:41.474" endtime="20221012 17:23:41.474"></status>
</kw>
<kw name="Wait Until Page Contains Element" library="SeleniumLibrary">
<doc>Waits until the element ``locator`` appears on the current page.</doc>
<arguments>
<arg>//*[@class="queryResultTable"]/tbody</arg>
</arguments>
<status status="PASS" starttime="20221012 17:23:41.474" endtime="20221012 17:23:41.486"></status>
</kw>
<status status="PASS" starttime="20221012 17:23:41.437" endtime="20221012 17:23:41.486"></status>
</kw>
<kw name="${i} = 25" type="foritem">
<kw name="Get Text" library="SeleniumLibrary">
<doc>Returns the text value of the element identified by ``locator``.</doc>
<arguments>
<arg>//*[@class="queryResultTable"]/tbody/tr[${${i}+1}]/td[1]</arg>
</arguments>
<assign>
<var>${iValue}</var>
</assign>
<msg timestamp="20221012 17:23:41.526" level="INFO">${iValue} = 2013-00026_MA</msg>
<status status="PASS" starttime="20221012 17:23:41.487" endtime="20221012 17:23:41.526"></status>
</kw>
<kw name="Append To List" library="Collections">
<doc>Adds ``values`` to the end of ``list``.</doc>
<arguments>
<arg>${valueList}</arg>
<arg>${iValue}</arg>
</arguments>
<status status="PASS" starttime="20221012 17:23:41.527" endtime="20221012 17:23:41.527"></status>
</kw>
<kw name="Wait Until Page Contains Element" library="SeleniumLibrary">
<doc>Waits until the element ``locator`` appears on the current page.</doc>
<arguments>
<arg>//*[@class="queryResultTable"]/tbody</arg>
</arguments>
<status status="PASS" starttime="20221012 17:23:41.527" endtime="20221012 17:23:41.589"></status>
</kw>
<status status="PASS" starttime="20221012 17:23:41.486" endtime="20221012 17:23:41.589"></status>
</kw>
<kw name="${i} = 26" type="foritem">
<kw name="Get Text" library="SeleniumLibrary">
<doc>Returns the text value of the element identified by ``locator``.</doc>
<arguments>
<arg>//*[@class="queryResultTable"]/tbody/tr[${${i}+1}]/td[1]</arg>
</arguments>
<assign>
<var>${iValue}</var>
</assign>
<msg timestamp="20221012 17:23:41.633" level="INFO">${iValue} = 2013-00027_MA</msg>
<status status="PASS" starttime="20221012 17:23:41.590" endtime="20221012 17:23:41.633"></status>
</kw>
<kw name="Append To List" library="Collections">
<doc>Adds ``values`` to the end of ``list``.</doc>
<arguments>
<arg>${valueList}</arg>
<arg>${iValue}</arg>
</arguments>
<status status="PASS" starttime="20221012 17:23:41.634" endtime="20221012 17:23:41.634"></status>
</kw>
<kw name="Wait Until Page Contains Element" library="SeleniumLibrary">
<doc>Waits until the element ``locator`` appears on the current page.</doc>
<arguments>
<arg>//*[@class="queryResultTable"]/tbody</arg>
</arguments>
<status status="PASS" starttime="20221012 17:23:41.634" endtime="20221012 17:23:41.647"></status>
</kw>
<status status="PASS" starttime="20221012 17:23:41.590" endtime="20221012 17:23:41.648"></status>
</kw>
<kw name="${i} = 27" type="foritem">
<kw name="Get Text" library="SeleniumLibrary">
<doc>Returns the text value of the element identified by ``locator``.</doc>
<arguments>
<arg>//*[@class="queryResultTable"]/tbody/tr[${${i}+1}]/td[1]</arg>
</arguments>
<assign>
<var>${iValue}</var>
</assign>
<msg timestamp="20221012 17:23:41.761" level="INFO">${iValue} = 2013-00028_MA</msg>
<status status="PASS" starttime="20221012 17:23:41.648" endtime="20221012 17:23:41.761"></status>
</kw>
<kw name="Append To List" library="Collections">
<doc>Adds ``values`` to the end of ``list``.</doc>
<arguments>
<arg>${valueList}</arg>
<arg>${iValue}</arg>
</arguments>
<status status="PASS" starttime="20221012 17:23:41.761" endtime="20221012 17:23:41.762"></status>
</kw>
<kw name="Wait Until Page Contains Element" library="SeleniumLibrary">
<doc>Waits until the element ``locator`` appears on the current page.</doc>
<arguments>
<arg>//*[@class="queryResultTable"]/tbody</arg>
</arguments>
<status status="PASS" starttime="20221012 17:23:41.762" endtime="20221012 17:23:41.777"></status>
</kw>
<status status="PASS" starttime="20221012 17:23:41.648" endtime="20221012 17:23:41.777"></status>
</kw>
<kw name="${i} = 28" type="foritem">
<kw name="Get Text" library="SeleniumLibrary">
<doc>Returns the text value of the element identified by ``locator``.</doc>
<arguments>
<arg>//*[@class="queryResultTable"]/tbody/tr[${${i}+1}]/td[1]</arg>
</arguments>
<assign>
<var>${iValue}</var>
</assign>
<msg timestamp="20221012 17:23:41.821" level="INFO">${iValue} = 2013-00029_MA</msg>
<status status="PASS" starttime="20221012 17:23:41.778" endtime="20221012 17:23:41.821"></status>
</kw>
<kw name="Append To List" library="Collections">
<doc>Adds ``values`` to the end of ``list``.</doc>
<arguments>
<arg>${valueList}</arg>
<arg>${iValue}</arg>
</arguments>
<status status="PASS" starttime="20221012 17:23:41.821" endtime="20221012 17:23:41.822"></status>
</kw>
<kw name="Wait Until Page Contains Element" library="SeleniumLibrary">
<doc>Waits until the element ``locator`` appears on the current page.</doc>
<arguments>
<arg>//*[@class="queryResultTable"]/tbody</arg>
</arguments>
<status status="PASS" starttime="20221012 17:23:41.822" endtime="20221012 17:23:41.833"></status>
</kw>
<status status="PASS" starttime="20221012 17:23:41.778" endtime="20221012 17:23:41.833"></status>
</kw>
<kw name="${i} = 29" type="foritem">
<kw name="Get Text" library="SeleniumLibrary">
<doc>Returns the text value of the element identified by ``locator``.</doc>
<arguments>
<arg>//*[@class="queryResultTable"]/tbody/tr[${${i}+1}]/td[1]</arg>
</arguments>
<assign>
<var>${iValue}</var>
</assign>
<msg timestamp="20221012 17:23:41.889" level="INFO">${iValue} = 2013-00030_MA</msg>
<status status="PASS" starttime="20221012 17:23:41.834" endtime="20221012 17:23:41.889"></status>
</kw>
<kw name="Append To List" library="Collections">
<doc>Adds ``values`` to the end of ``list``.</doc>
<arguments>
<arg>${valueList}</arg>
<arg>${iValue}</arg>
</arguments>
<status status="PASS" starttime="20221012 17:23:41.889" endtime="20221012 17:23:41.889"></status>
</kw>
<kw name="Wait Until Page Contains Element" library="SeleniumLibrary">
<doc>Waits until the element ``locator`` appears on the current page.</doc>
<arguments>
<arg>//*[@class="queryResultTable"]/tbody</arg>
</arguments>
<status status="PASS" starttime="20221012 17:23:41.890" endtime="20221012 17:23:41.901"></status>
</kw>
<status status="PASS" starttime="20221012 17:23:41.833" endtime="20221012 17:23:41.902"></status>
</kw>
<kw name="${i} = 30" type="foritem">
<kw name="Get Text" library="SeleniumLibrary">
<doc>Returns the text value of the element identified by ``locator``.</doc>
<arguments>
<arg>//*[@class="queryResultTable"]/tbody/tr[${${i}+1}]/td[1]</arg>
</arguments>
<assign>
<var>${iValue}</var>
</assign>
<msg timestamp="20221012 17:23:41.945" level="INFO">${iValue} = 2013-00031_MA</msg>
<status status="PASS" starttime="20221012 17:23:41.902" endtime="20221012 17:23:41.945"></status>
</kw>
<kw name="Append To List" library="Collections">
<doc>Adds ``values`` to the end of ``list``.</doc>
<arguments>
<arg>${valueList}</arg>
<arg>${iValue}</arg>
</arguments>
<status status="PASS" starttime="20221012 17:23:41.946" endtime="20221012 17:23:41.946"></status>
</kw>
<kw name="Wait Until Page Contains Element" library="SeleniumLibrary">
<doc>Waits until the element ``locator`` appears on the current page.</doc>
<arguments>
<arg>//*[@class="queryResultTable"]/tbody</arg>
</arguments>
<status status="PASS" starttime="20221012 17:23:41.946" endtime="20221012 17:23:41.958"></status>
</kw>
<status status="PASS" starttime="20221012 17:23:41.902" endtime="20221012 17:23:41.958"></status>
</kw>
<kw name="${i} = 31" type="foritem">
<kw name="Get Text" library="SeleniumLibrary">
<doc>Returns the text value of the element identified by ``locator``.</doc>
<arguments>
<arg>//*[@class="queryResultTable"]/tbody/tr[${${i}+1}]/td[1]</arg>
</arguments>
<assign>
<var>${iValue}</var>
</assign>
<msg timestamp="20221012 17:23:41.997" level="INFO">${iValue} = 2013-00032_MA</msg>
<status status="PASS" starttime="20221012 17:23:41.958" endtime="20221012 17:23:41.998"></status>
</kw>
<kw name="Append To List" library="Collections">
<doc>Adds ``values`` to the end of ``list``.</doc>
<arguments>
<arg>${valueList}</arg>
<arg>${iValue}</arg>
</arguments>
<status status="PASS" starttime="20221012 17:23:41.998" endtime="20221012 17:23:41.998"></status>
</kw>
<kw name="Wait Until Page Contains Element" library="SeleniumLibrary">
<doc>Waits until the element ``locator`` appears on the current page.</doc>
<arguments>
<arg>//*[@class="queryResultTable"]/tbody</arg>
</arguments>
<status status="PASS" starttime="20221012 17:23:41.999" endtime="20221012 17:23:42.016"></status>
</kw>
<status status="PASS" starttime="20221012 17:23:41.958" endtime="20221012 17:23:42.016"></status>
</kw>
<kw name="${i} = 32" type="foritem">
<kw name="Get Text" library="SeleniumLibrary">
<doc>Returns the text value of the element identified by ``locator``.</doc>
<arguments>
<arg>//*[@class="queryResultTable"]/tbody/tr[${${i}+1}]/td[1]</arg>
</arguments>
<assign>
<var>${iValue}</var>
</assign>
<msg timestamp="20221012 17:23:42.057" level="INFO">${iValue} = 2013-00033_MA</msg>
<status status="PASS" starttime="20221012 17:23:42.017" endtime="20221012 17:23:42.057"></status>
</kw>
<kw name="Append To List" library="Collections">
<doc>Adds ``values`` to the end of ``list``.</doc>
<arguments>
<arg>${valueList}</arg>
<arg>${iValue}</arg>
</arguments>
<status status="PASS" starttime="20221012 17:23:42.058" endtime="20221012 17:23:42.058"></status>
</kw>
<kw name="Wait Until Page Contains Element" library="SeleniumLibrary">
<doc>Waits until the element ``locator`` appears on the current page.</doc>
<arguments>
<arg>//*[@class="queryResultTable"]/tbody</arg>
</arguments>
<status status="PASS" starttime="20221012 17:23:42.058" endtime="20221012 17:23:42.070"></status>
</kw>
<status status="PASS" starttime="20221012 17:23:42.016" endtime="20221012 17:23:42.070"></status>
</kw>
<kw name="${i} = 33" type="foritem">
<kw name="Get Text" library="SeleniumLibrary">
<doc>Returns the text value of the element identified by ``locator``.</doc>
<arguments>
<arg>//*[@class="queryResultTable"]/tbody/tr[${${i}+1}]/td[1]</arg>
</arguments>
<assign>
<var>${iValue}</var>
</assign>
<msg timestamp="20221012 17:23:42.106" level="INFO">${iValue} = 2013-00034_MA</msg>
<status status="PASS" starttime="20221012 17:23:42.071" endtime="20221012 17:23:42.106"></status>
</kw>
<kw name="Append To List" library="Collections">
<doc>Adds ``values`` to the end of ``list``.</doc>
<arguments>
<arg>${valueList}</arg>
<arg>${iValue}</arg>
</arguments>
<status status="PASS" starttime="20221012 17:23:42.106" endtime="20221012 17:23:42.107"></status>
</kw>
<kw name="Wait Until Page Contains Element" library="SeleniumLibrary">
<doc>Waits until the element ``locator`` appears on the current page.</doc>
<arguments>
<arg>//*[@class="queryResultTable"]/tbody</arg>
</arguments>
<status status="PASS" starttime="20221012 17:23:42.107" endtime="20221012 17:23:42.122"></status>
</kw>
<status status="PASS" starttime="20221012 17:23:42.071" endtime="20221012 17:23:42.122"></status>
</kw>
<kw name="${i} = 34" type="foritem">
<kw name="Get Text" library="SeleniumLibrary">
<doc>Returns the text value of the element identified by ``locator``.</doc>
<arguments>
<arg>//*[@class="queryResultTable"]/tbody/tr[${${i}+1}]/td[1]</arg>
</arguments>
<assign>
<var>${iValue}</var>
</assign>
<msg timestamp="20221012 17:23:42.169" level="INFO">${iValue} = 2013-00035_MA</msg>
<status status="PASS" starttime="20221012 17:23:42.123" endtime="20221012 17:23:42.169"></status>
</kw>
<kw name="Append To List" library="Collections">
<doc>Adds ``values`` to the end of ``list``.</doc>
<arguments>
<arg>${valueList}</arg>
<arg>${iValue}</arg>
</arguments>
<status status="PASS" starttime="20221012 17:23:42.169" endtime="20221012 17:23:42.170"></status>
</kw>
<kw name="Wait Until Page Contains Element" library="SeleniumLibrary">
<doc>Waits until the element ``locator`` appears on the current page.</doc>
<arguments>
<arg>//*[@class="queryResultTable"]/tbody</arg>
</arguments>
<status status="PASS" starttime="20221012 17:23:42.170" endtime="20221012 17:23:42.182"></status>
</kw>
<status status="PASS" starttime="20221012 17:23:42.122" endtime="20221012 17:23:42.182"></status>
</kw>
<kw name="${i} = 35" type="foritem">
<kw name="Get Text" library="SeleniumLibrary">
<doc>Returns the text value of the element identified by ``locator``.</doc>
<arguments>
<arg>//*[@class="queryResultTable"]/tbody/tr[${${i}+1}]/td[1]</arg>
</arguments>
<assign>
<var>${iValue}</var>
</assign>
<msg timestamp="20221012 17:23:42.221" level="INFO">${iValue} = 2013-00036_MA</msg>
<status status="PASS" starttime="20221012 17:23:42.182" endtime="20221012 17:23:42.222"></status>
</kw>
<kw name="Append To List" library="Collections">
<doc>Adds ``values`` to the end of ``list``.</doc>
<arguments>
<arg>${valueList}</arg>
<arg>${iValue}</arg>
</arguments>
<status status="PASS" starttime="20221012 17:23:42.222" endtime="20221012 17:23:42.222"></status>
</kw>
<kw name="Wait Until Page Contains Element" library="SeleniumLibrary">
<doc>Waits until the element ``locator`` appears on the current page.</doc>
<arguments>
<arg>//*[@class="queryResultTable"]/tbody</arg>
</arguments>
<status status="PASS" starttime="20221012 17:23:42.222" endtime="20221012 17:23:42.234"></status>
</kw>
<status status="PASS" starttime="20221012 17:23:42.182" endtime="20221012 17:23:42.234"></status>
</kw>
<kw name="${i} = 36" type="foritem">
<kw name="Get Text" library="SeleniumLibrary">
<doc>Returns the text value of the element identified by ``locator``.</doc>
<arguments>
<arg>//*[@class="queryResultTable"]/tbody/tr[${${i}+1}]/td[1]</arg>
</arguments>
<assign>
<var>${iValue}</var>
</assign>
<msg timestamp="20221012 17:23:42.276" level="INFO">${iValue} = 2013-00037_MA</msg>
<status status="PASS" starttime="20221012 17:23:42.235" endtime="20221012 17:23:42.276"></status>
</kw>
<kw name="Append To List" library="Collections">
<doc>Adds ``values`` to the end of ``list``.</doc>
<arguments>
<arg>${valueList}</arg>
<arg>${iValue}</arg>
</arguments>
<status status="PASS" starttime="20221012 17:23:42.276" endtime="20221012 17:23:42.277"></status>
</kw>
<kw name="Wait Until Page Contains Element" library="SeleniumLibrary">
<doc>Waits until the element ``locator`` appears on the current page.</doc>
<arguments>
<arg>//*[@class="queryResultTable"]/tbody</arg>
</arguments>
<status status="PASS" starttime="20221012 17:23:42.277" endtime="20221012 17:23:42.289"></status>
</kw>
<status status="PASS" starttime="20221012 17:23:42.234" endtime="20221012 17:23:42.289"></status>
</kw>
<kw name="${i} = 37" type="foritem">
<kw name="Get Text" library="SeleniumLibrary">
<doc>Returns the text value of the element identified by ``locator``.</doc>
<arguments>
<arg>//*[@class="queryResultTable"]/tbody/tr[${${i}+1}]/td[1]</arg>
</arguments>
<assign>
<var>${iValue}</var>
</assign>
<msg timestamp="20221012 17:23:42.326" level="INFO">${iValue} = 2013-00038_MA</msg>
<status status="PASS" starttime="20221012 17:23:42.289" endtime="20221012 17:23:42.326"></status>
</kw>
<kw name="Append To List" library="Collections">
<doc>Adds ``values`` to the end of ``list``.</doc>
<arguments>
<arg>${valueList}</arg>
<arg>${iValue}</arg>
</arguments>
<status status="PASS" starttime="20221012 17:23:42.326" endtime="20221012 17:23:42.327"></status>
</kw>
<kw name="Wait Until Page Contains Element" library="SeleniumLibrary">
<doc>Waits until the element ``locator`` appears on the current page.</doc>
<arguments>
<arg>//*[@class="queryResultTable"]/tbody</arg>
</arguments>
<status status="PASS" starttime="20221012 17:23:42.327" endtime="20221012 17:23:42.341"></status>
</kw>
<status status="PASS" starttime="20221012 17:23:42.289" endtime="20221012 17:23:42.341"></status>
</kw>
<kw name="${i} = 38" type="foritem">
<kw name="Get Text" library="SeleniumLibrary">
<doc>Returns the text value of the element identified by ``locator``.</doc>
<arguments>
<arg>//*[@class="queryResultTable"]/tbody/tr[${${i}+1}]/td[1]</arg>
</arguments>
<assign>
<var>${iValue}</var>
</assign>
<msg timestamp="20221012 17:23:42.383" level="INFO">${iValue} = 2013-00039_MA</msg>
<status status="PASS" starttime="20221012 17:23:42.342" endtime="20221012 17:23:42.384"></status>
</kw>
<kw name="Append To List" library="Collections">
<doc>Adds ``values`` to the end of ``list``.</doc>
<arguments>
<arg>${valueList}</arg>
<arg>${iValue}</arg>
</arguments>
<status status="PASS" starttime="20221012 17:23:42.384" endtime="20221012 17:23:42.384"></status>
</kw>
<kw name="Wait Until Page Contains Element" library="SeleniumLibrary">
<doc>Waits until the element ``locator`` appears on the current page.</doc>
<arguments>
<arg>//*[@class="queryResultTable"]/tbody</arg>
</arguments>
<status status="PASS" starttime="20221012 17:23:42.384" endtime="20221012 17:23:42.397"></status>
</kw>
<status status="PASS" starttime="20221012 17:23:42.341" endtime="20221012 17:23:42.397"></status>
</kw>
<kw name="${i} = 39" type="foritem">
<kw name="Get Text" library="SeleniumLibrary">
<doc>Returns the text value of the element identified by ``locator``.</doc>
<arguments>
<arg>//*[@class="queryResultTable"]/tbody/tr[${${i}+1}]/td[1]</arg>
</arguments>
<assign>
<var>${iValue}</var>
</assign>
<msg timestamp="20221012 17:23:42.436" level="INFO">${iValue} = 2013-00040_MA</msg>
<status status="PASS" starttime="20221012 17:23:42.397" endtime="20221012 17:23:42.436"></status>
</kw>
<kw name="Append To List" library="Collections">
<doc>Adds ``values`` to the end of ``list``.</doc>
<arguments>
<arg>${valueList}</arg>
<arg>${iValue}</arg>
</arguments>
<status status="PASS" starttime="20221012 17:23:42.437" endtime="20221012 17:23:42.437"></status>
</kw>
<kw name="Wait Until Page Contains Element" library="SeleniumLibrary">
<doc>Waits until the element ``locator`` appears on the current page.</doc>
<arguments>
<arg>//*[@class="queryResultTable"]/tbody</arg>
</arguments>
<status status="PASS" starttime="20221012 17:23:42.437" endtime="20221012 17:23:42.450"></status>
</kw>
<status status="PASS" starttime="20221012 17:23:42.397" endtime="20221012 17:23:42.450"></status>
</kw>
<kw name="${i} = 40" type="foritem">
<kw name="Get Text" library="SeleniumLibrary">
<doc>Returns the text value of the element identified by ``locator``.</doc>
<arguments>
<arg>//*[@class="queryResultTable"]/tbody/tr[${${i}+1}]/td[1]</arg>
</arguments>
<assign>
<var>${iValue}</var>
</assign>
<msg timestamp="20221012 17:23:42.497" level="INFO">${iValue} = 2013-00041_MA</msg>
<status status="PASS" starttime="20221012 17:23:42.451" endtime="20221012 17:23:42.497"></status>
</kw>
<kw name="Append To List" library="Collections">
<doc>Adds ``values`` to the end of ``list``.</doc>
<arguments>
<arg>${valueList}</arg>
<arg>${iValue}</arg>
</arguments>
<status status="PASS" starttime="20221012 17:23:42.497" endtime="20221012 17:23:42.498"></status>
</kw>
<kw name="Wait Until Page Contains Element" library="SeleniumLibrary">
<doc>Waits until the element ``locator`` appears on the current page.</doc>
<arguments>
<arg>//*[@class="queryResultTable"]/tbody</arg>
</arguments>
<status status="PASS" starttime="20221012 17:23:42.498" endtime="20221012 17:23:42.514"></status>
</kw>
<status status="PASS" starttime="20221012 17:23:42.450" endtime="20221012 17:23:42.514"></status>
</kw>
<kw name="${i} = 41" type="foritem">
<kw name="Get Text" library="SeleniumLibrary">
<doc>Returns the text value of the element identified by ``locator``.</doc>
<arguments>
<arg>//*[@class="queryResultTable"]/tbody/tr[${${i}+1}]/td[1]</arg>
</arguments>
<assign>
<var>${iValue}</var>
</assign>
<msg timestamp="20221012 17:23:42.570" level="INFO">${iValue} = 2013-00042_MA</msg>
<status status="PASS" starttime="20221012 17:23:42.515" endtime="20221012 17:23:42.570"></status>
</kw>
<kw name="Append To List" library="Collections">
<doc>Adds ``values`` to the end of ``list``.</doc>
<arguments>
<arg>${valueList}</arg>
<arg>${iValue}</arg>
</arguments>
<status status="PASS" starttime="20221012 17:23:42.571" endtime="20221012 17:23:42.571"></status>
</kw>
<kw name="Wait Until Page Contains Element" library="SeleniumLibrary">
<doc>Waits until the element ``locator`` appears on the current page.</doc>
<arguments>
<arg>//*[@class="queryResultTable"]/tbody</arg>
</arguments>
<status status="PASS" starttime="20221012 17:23:42.571" endtime="20221012 17:23:42.584"></status>
</kw>
<status status="PASS" starttime="20221012 17:23:42.515" endtime="20221012 17:23:42.584"></status>
</kw>
<kw name="${i} = 42" type="foritem">
<kw name="Get Text" library="SeleniumLibrary">
<doc>Returns the text value of the element identified by ``locator``.</doc>
<arguments>
<arg>//*[@class="queryResultTable"]/tbody/tr[${${i}+1}]/td[1]</arg>
</arguments>
<assign>
<var>${iValue}</var>
</assign>
<msg timestamp="20221012 17:23:42.619" level="INFO">${iValue} = 2013-00043_MA</msg>
<status status="PASS" starttime="20221012 17:23:42.585" endtime="20221012 17:23:42.619"></status>
</kw>
<kw name="Append To List" library="Collections">
<doc>Adds ``values`` to the end of ``list``.</doc>
<arguments>
<arg>${valueList}</arg>
<arg>${iValue}</arg>
</arguments>
<status status="PASS" starttime="20221012 17:23:42.619" endtime="20221012 17:23:42.620"></status>
</kw>
<kw name="Wait Until Page Contains Element" library="SeleniumLibrary">
<doc>Waits until the element ``locator`` appears on the current page.</doc>
<arguments>
<arg>//*[@class="queryResultTable"]/tbody</arg>
</arguments>
<status status="PASS" starttime="20221012 17:23:42.620" endtime="20221012 17:23:42.631"></status>
</kw>
<status status="PASS" starttime="20221012 17:23:42.584" endtime="20221012 17:23:42.631"></status>
</kw>
<kw name="${i} = 43" type="foritem">
<kw name="Get Text" library="SeleniumLibrary">
<doc>Returns the text value of the element identified by ``locator``.</doc>
<arguments>
<arg>//*[@class="queryResultTable"]/tbody/tr[${${i}+1}]/td[1]</arg>
</arguments>
<assign>
<var>${iValue}</var>
</assign>
<msg timestamp="20221012 17:23:42.694" level="INFO">${iValue} = 2013-00044_MA</msg>
<status status="PASS" starttime="20221012 17:23:42.631" endtime="20221012 17:23:42.694"></status>
</kw>
<kw name="Append To List" library="Collections">
<doc>Adds ``values`` to the end of ``list``.</doc>
<arguments>
<arg>${valueList}</arg>
<arg>${iValue}</arg>
</arguments>
<status status="PASS" starttime="20221012 17:23:42.694" endtime="20221012 17:23:42.695"></status>
</kw>
<kw name="Wait Until Page Contains Element" library="SeleniumLibrary">
<doc>Waits until the element ``locator`` appears on the current page.</doc>
<arguments>
<arg>//*[@class="queryResultTable"]/tbody</arg>
</arguments>
<status status="PASS" starttime="20221012 17:23:42.695" endtime="20221012 17:23:42.707"></status>
</kw>
<status status="PASS" starttime="20221012 17:23:42.631" endtime="20221012 17:23:42.707"></status>
</kw>
<kw name="${i} = 44" type="foritem">
<kw name="Get Text" library="SeleniumLibrary">
<doc>Returns the text value of the element identified by ``locator``.</doc>
<arguments>
<arg>//*[@class="queryResultTable"]/tbody/tr[${${i}+1}]/td[1]</arg>
</arguments>
<assign>
<var>${iValue}</var>
</assign>
<msg timestamp="20221012 17:23:42.748" level="INFO">${iValue} = 2013-00045_MA</msg>
<status status="PASS" starttime="20221012 17:23:42.708" endtime="20221012 17:23:42.749"></status>
</kw>
<kw name="Append To List" library="Collections">
<doc>Adds ``values`` to the end of ``list``.</doc>
<arguments>
<arg>${valueList}</arg>
<arg>${iValue}</arg>
</arguments>
<status status="PASS" starttime="20221012 17:23:42.749" endtime="20221012 17:23:42.749"></status>
</kw>
<kw name="Wait Until Page Contains Element" library="SeleniumLibrary">
<doc>Waits until the element ``locator`` appears on the current page.</doc>
<arguments>
<arg>//*[@class="queryResultTable"]/tbody</arg>
</arguments>
<status status="PASS" starttime="20221012 17:23:42.749" endtime="20221012 17:23:42.760"></status>
</kw>
<status status="PASS" starttime="20221012 17:23:42.708" endtime="20221012 17:23:42.760"></status>
</kw>
<kw name="${i} = 45" type="foritem">
<kw name="Get Text" library="SeleniumLibrary">
<doc>Returns the text value of the element identified by ``locator``.</doc>
<arguments>
<arg>//*[@class="queryResultTable"]/tbody/tr[${${i}+1}]/td[1]</arg>
</arguments>
<assign>
<var>${iValue}</var>
</assign>
<msg timestamp="20221012 17:23:42.804" level="INFO">${iValue} = 2013-00046_MA</msg>
<status status="PASS" starttime="20221012 17:23:42.761" endtime="20221012 17:23:42.804"></status>
</kw>
<kw name="Append To List" library="Collections">
<doc>Adds ``values`` to the end of ``list``.</doc>
<arguments>
<arg>${valueList}</arg>
<arg>${iValue}</arg>
</arguments>
<status status="PASS" starttime="20221012 17:23:42.804" endtime="20221012 17:23:42.805"></status>
</kw>
<kw name="Wait Until Page Contains Element" library="SeleniumLibrary">
<doc>Waits until the element ``locator`` appears on the current page.</doc>
<arguments>
<arg>//*[@class="queryResultTable"]/tbody</arg>
</arguments>
<status status="PASS" starttime="20221012 17:23:42.805" endtime="20221012 17:23:42.816"></status>
</kw>
<status status="PASS" starttime="20221012 17:23:42.760" endtime="20221012 17:23:42.816"></status>
</kw>
<kw name="${i} = 46" type="foritem">
<kw name="Get Text" library="SeleniumLibrary">
<doc>Returns the text value of the element identified by ``locator``.</doc>
<arguments>
<arg>//*[@class="queryResultTable"]/tbody/tr[${${i}+1}]/td[1]</arg>
</arguments>
<assign>
<var>${iValue}</var>
</assign>
<msg timestamp="20221012 17:23:42.868" level="INFO">${iValue} = 2013-00047_MA</msg>
<status status="PASS" starttime="20221012 17:23:42.817" endtime="20221012 17:23:42.868"></status>
</kw>
<kw name="Append To List" library="Collections">
<doc>Adds ``values`` to the end of ``list``.</doc>
<arguments>
<arg>${valueList}</arg>
<arg>${iValue}</arg>
</arguments>
<status status="PASS" starttime="20221012 17:23:42.868" endtime="20221012 17:23:42.868"></status>
</kw>
<kw name="Wait Until Page Contains Element" library="SeleniumLibrary">
<doc>Waits until the element ``locator`` appears on the current page.</doc>
<arguments>
<arg>//*[@class="queryResultTable"]/tbody</arg>
</arguments>
<status status="PASS" starttime="20221012 17:23:42.869" endtime="20221012 17:23:42.889"></status>
</kw>
<status status="PASS" starttime="20221012 17:23:42.817" endtime="20221012 17:23:42.890"></status>
</kw>
<kw name="${i} = 47" type="foritem">
<kw name="Get Text" library="SeleniumLibrary">
<doc>Returns the text value of the element identified by ``locator``.</doc>
<arguments>
<arg>//*[@class="queryResultTable"]/tbody/tr[${${i}+1}]/td[1]</arg>
</arguments>
<assign>
<var>${iValue}</var>
</assign>
<msg timestamp="20221012 17:23:42.927" level="INFO">${iValue} = 2013-00048_MA</msg>
<status status="PASS" starttime="20221012 17:23:42.890" endtime="20221012 17:23:42.927"></status>
</kw>
<kw name="Append To List" library="Collections">
<doc>Adds ``values`` to the end of ``list``.</doc>
<arguments>
<arg>${valueList}</arg>
<arg>${iValue}</arg>
</arguments>
<status status="PASS" starttime="20221012 17:23:42.927" endtime="20221012 17:23:42.928"></status>
</kw>
<kw name="Wait Until Page Contains Element" library="SeleniumLibrary">
<doc>Waits until the element ``locator`` appears on the current page.</doc>
<arguments>
<arg>//*[@class="queryResultTable"]/tbody</arg>
</arguments>
<status status="PASS" starttime="20221012 17:23:42.928" endtime="20221012 17:23:42.940"></status>
</kw>
<status status="PASS" starttime="20221012 17:23:42.890" endtime="20221012 17:23:42.940"></status>
</kw>
<kw name="${i} = 48" type="foritem">
<kw name="Get Text" library="SeleniumLibrary">
<doc>Returns the text value of the element identified by ``locator``.</doc>
<arguments>
<arg>//*[@class="queryResultTable"]/tbody/tr[${${i}+1}]/td[1]</arg>
</arguments>
<assign>
<var>${iValue}</var>
</assign>
<msg timestamp="20221012 17:23:42.981" level="INFO">${iValue} = 2013-00049_MA</msg>
<status status="PASS" starttime="20221012 17:23:42.941" endtime="20221012 17:23:42.981"></status>
</kw>
<kw name="Append To List" library="Collections">
<doc>Adds ``values`` to the end of ``list``.</doc>
<arguments>
<arg>${valueList}</arg>
<arg>${iValue}</arg>
</arguments>
<status status="PASS" starttime="20221012 17:23:42.981" endtime="20221012 17:23:42.982"></status>
</kw>
<kw name="Wait Until Page Contains Element" library="SeleniumLibrary">
<doc>Waits until the element ``locator`` appears on the current page.</doc>
<arguments>
<arg>//*[@class="queryResultTable"]/tbody</arg>
</arguments>
<status status="PASS" starttime="20221012 17:23:42.982" endtime="20221012 17:23:42.993"></status>
</kw>
<status status="PASS" starttime="20221012 17:23:42.941" endtime="20221012 17:23:42.993"></status>
</kw>
<status status="PASS" starttime="20221012 17:23:39.674" endtime="20221012 17:23:42.993"></status>
</kw>
<kw name="Datasettransfer" library="traversetoExcel">
<arguments>
<arg>${valueList}</arg>
<arg>//acprd01//E//3M_CAC//SOGS//tdc.xlsx</arg>
</arguments>
<status status="PASS" starttime="20221012 17:23:42.993" endtime="20221012 17:23:45.586"></status>
</kw>
<status status="PASS" starttime="20221012 17:23:39.673" endtime="20221012 17:23:45.586"></status>
</kw>
<kw name="Run Keyword If" library="BuiltIn">
<doc>Runs the given keyword with the given arguments, if ``condition`` is true.</doc>
<arguments>
<arg>'${${i}+1}'!='${pagecount}'</arg>
<arg>Click Element</arg>
<arg>//*[@class="nextLink nextLinkUp"]</arg>
</arguments>
<kw name="Click Element" library="SeleniumLibrary">
<doc>Click the element identified by ``locator``.</doc>
<arguments>
<arg>//*[@class="nextLink nextLinkUp"]</arg>
</arguments>
<msg timestamp="20221012 17:23:45.588" level="INFO">Clicking element '//*[@class="nextLink nextLinkUp"]'.</msg>
<status status="PASS" starttime="20221012 17:23:45.587" endtime="20221012 17:23:45.687"></status>
</kw>
<status status="PASS" starttime="20221012 17:23:45.587" endtime="20221012 17:23:45.687"></status>
</kw>
<kw name="Sleep" library="BuiltIn">
<doc>Pauses the test executed for the given time.</doc>
<arguments>
<arg>3</arg>
</arguments>
<msg timestamp="20221012 17:23:48.688" level="INFO">Slept 3 seconds</msg>
<status status="PASS" starttime="20221012 17:23:45.687" endtime="20221012 17:23:48.688"></status>
</kw>
<kw name="Click Element" library="SeleniumLibrary">
<doc>Click the element identified by ``locator``.</doc>
<arguments>
<arg>//*[@class="TabTextBold"]</arg>
</arguments>
<msg timestamp="20221012 17:23:48.689" level="INFO">Clicking element '//*[@class="TabTextBold"]'.</msg>
<status status="PASS" starttime="20221012 17:23:48.688" endtime="20221012 17:23:48.755"></status>
</kw>
<kw name="Sleep" library="BuiltIn">
<doc>Pauses the test executed for the given time.</doc>
<arguments>
<arg>3</arg>
</arguments>
<msg timestamp="20221012 17:23:51.756" level="INFO">Slept 3 seconds</msg>
<status status="PASS" starttime="20221012 17:23:48.755" endtime="20221012 17:23:51.756"></status>
</kw>
<status status="PASS" starttime="20221012 17:23:39.628" endtime="20221012 17:23:51.756"></status>
</kw>
<kw name="${i} = 1" type="foritem">
<kw name="Wait Until Page Contains Element" library="SeleniumLibrary">
<doc>Waits until the element ``locator`` appears on the current page.</doc>
<arguments>
<arg>//*[contains(text(),"Displaying")]</arg>
</arguments>
<status status="PASS" starttime="20221012 17:23:51.757" endtime="20221012 17:23:51.771"></status>
</kw>
<kw name="Get Text" library="SeleniumLibrary">
<doc>Returns the text value of the element identified by ``locator``.</doc>
<arguments>
<arg>//*[contains(text(),"Displaying")]</arg>
</arguments>
<assign>
<var>${GetRange}</var>
</assign>
<msg timestamp="20221012 17:23:51.803" level="INFO">${GetRange} =   Displaying 51-100 of 330 records.</msg>
<status status="PASS" starttime="20221012 17:23:51.771" endtime="20221012 17:23:51.803"></status>
</kw>
<kw name="Make Range" library="support">
<arguments>
<arg>${GetRange}</arg>
</arguments>
<assign>
<var>${endRange}</var>
</assign>
<msg timestamp="20221012 17:23:51.804" level="INFO">${endRange} = 49</msg>
<status status="PASS" starttime="20221012 17:23:51.804" endtime="20221012 17:23:51.804"></status>
</kw>
<kw name="Set Global Variable" library="BuiltIn">
<doc>Makes a variable available globally in all tests and suites.</doc>
<arguments>
<arg>${endRange}</arg>
</arguments>
<msg timestamp="20221012 17:23:51.805" level="INFO">${endRange} = 49</msg>
<status status="PASS" starttime="20221012 17:23:51.804" endtime="20221012 17:23:51.805"></status>
</kw>
<kw name="IndividualValue">
<kw name="${i} IN RANGE [ ${endRange} ]" type="for">
<kw name="${i} = 0" type="foritem">
<kw name="Get Text" library="SeleniumLibrary">
<doc>Returns the text value of the element identified by ``locator``.</doc>
<arguments>
<arg>//*[@class="queryResultTable"]/tbody/tr[${${i}+1}]/td[1]</arg>
</arguments>
<assign>
<var>${iValue}</var>
</assign>
<msg timestamp="20221012 17:23:51.842" level="INFO">${iValue} = 2013-00051_MA</msg>
<status status="PASS" starttime="20221012 17:23:51.806" endtime="20221012 17:23:51.842"></status>
</kw>
<kw name="Append To List" library="Collections">
<doc>Adds ``values`` to the end of ``list``.</doc>
<arguments>
<arg>${valueList}</arg>
<arg>${iValue}</arg>
</arguments>
<status status="PASS" starttime="20221012 17:23:51.842" endtime="20221012 17:23:51.843"></status>
</kw>
<kw name="Wait Until Page Contains Element" library="SeleniumLibrary">
<doc>Waits until the element ``locator`` appears on the current page.</doc>
<arguments>
<arg>//*[@class="queryResultTable"]/tbody</arg>
</arguments>
<status status="PASS" starttime="20221012 17:23:51.843" endtime="20221012 17:23:51.859"></status>
</kw>
<status status="PASS" starttime="20221012 17:23:51.805" endtime="20221012 17:23:51.859"></status>
</kw>
<kw name="${i} = 1" type="foritem">
<kw name="Get Text" library="SeleniumLibrary">
<doc>Returns the text value of the element identified by ``locator``.</doc>
<arguments>
<arg>//*[@class="queryResultTable"]/tbody/tr[${${i}+1}]/td[1]</arg>
</arguments>
<assign>
<var>${iValue}</var>
</assign>
<msg timestamp="20221012 17:23:51.900" level="INFO">${iValue} = 2013-00052_MA</msg>
<status status="PASS" starttime="20221012 17:23:51.859" endtime="20221012 17:23:51.900"></status>
</kw>
<kw name="Append To List" library="Collections">
<doc>Adds ``values`` to the end of ``list``.</doc>
<arguments>
<arg>${valueList}</arg>
<arg>${iValue}</arg>
</arguments>
<status status="PASS" starttime="20221012 17:23:51.900" endtime="20221012 17:23:51.901"></status>
</kw>
<kw name="Wait Until Page Contains Element" library="SeleniumLibrary">
<doc>Waits until the element ``locator`` appears on the current page.</doc>
<arguments>
<arg>//*[@class="queryResultTable"]/tbody</arg>
</arguments>
<status status="PASS" starttime="20221012 17:23:51.901" endtime="20221012 17:23:51.917"></status>
</kw>
<status status="PASS" starttime="20221012 17:23:51.859" endtime="20221012 17:23:51.917"></status>
</kw>
<kw name="${i} = 2" type="foritem">
<kw name="Get Text" library="SeleniumLibrary">
<doc>Returns the text value of the element identified by ``locator``.</doc>
<arguments>
<arg>//*[@class="queryResultTable"]/tbody/tr[${${i}+1}]/td[1]</arg>
</arguments>
<assign>
<var>${iValue}</var>
</assign>
<msg timestamp="20221012 17:23:51.952" level="INFO">${iValue} = 2013-00053_MA</msg>
<status status="PASS" starttime="20221012 17:23:51.917" endtime="20221012 17:23:51.952"></status>
</kw>
<kw name="Append To List" library="Collections">
<doc>Adds ``values`` to the end of ``list``.</doc>
<arguments>
<arg>${valueList}</arg>
<arg>${iValue}</arg>
</arguments>
<status status="PASS" starttime="20221012 17:23:51.952" endtime="20221012 17:23:51.953"></status>
</kw>
<kw name="Wait Until Page Contains Element" library="SeleniumLibrary">
<doc>Waits until the element ``locator`` appears on the current page.</doc>
<arguments>
<arg>//*[@class="queryResultTable"]/tbody</arg>
</arguments>
<status status="PASS" starttime="20221012 17:23:51.953" endtime="20221012 17:23:51.964"></status>
</kw>
<status status="PASS" starttime="20221012 17:23:51.917" endtime="20221012 17:23:51.964"></status>
</kw>
<kw name="${i} = 3" type="foritem">
<kw name="Get Text" library="SeleniumLibrary">
<doc>Returns the text value of the element identified by ``locator``.</doc>
<arguments>
<arg>//*[@class="queryResultTable"]/tbody/tr[${${i}+1}]/td[1]</arg>
</arguments>
<assign>
<var>${iValue}</var>
</assign>
<msg timestamp="20221012 17:23:51.999" level="INFO">${iValue} = 2013-00054_MA</msg>
<status status="PASS" starttime="20221012 17:23:51.964" endtime="20221012 17:23:51.999"></status>
</kw>
<kw name="Append To List" library="Collections">
<doc>Adds ``values`` to the end of ``list``.</doc>
<arguments>
<arg>${valueList}</arg>
<arg>${iValue}</arg>
</arguments>
<status status="PASS" starttime="20221012 17:23:52.000" endtime="20221012 17:23:52.000"></status>
</kw>
<kw name="Wait Until Page Contains Element" library="SeleniumLibrary">
<doc>Waits until the element ``locator`` appears on the current page.</doc>
<arguments>
<arg>//*[@class="queryResultTable"]/tbody</arg>
</arguments>
<status status="PASS" starttime="20221012 17:23:52.000" endtime="20221012 17:23:52.013"></status>
</kw>
<status status="PASS" starttime="20221012 17:23:51.964" endtime="20221012 17:23:52.013"></status>
</kw>
<kw name="${i} = 4" type="foritem">
<kw name="Get Text" library="SeleniumLibrary">
<doc>Returns the text value of the element identified by ``locator``.</doc>
<arguments>
<arg>//*[@class="queryResultTable"]/tbody/tr[${${i}+1}]/td[1]</arg>
</arguments>
<assign>
<var>${iValue}</var>
</assign>
<msg timestamp="20221012 17:23:52.044" level="INFO">${iValue} = 2013-00057_MA</msg>
<status status="PASS" starttime="20221012 17:23:52.014" endtime="20221012 17:23:52.044"></status>
</kw>
<kw name="Append To List" library="Collections">
<doc>Adds ``values`` to the end of ``list``.</doc>
<arguments>
<arg>${valueList}</arg>
<arg>${iValue}</arg>
</arguments>
<status status="PASS" starttime="20221012 17:23:52.044" endtime="20221012 17:23:52.045"></status>
</kw>
<kw name="Wait Until Page Contains Element" library="SeleniumLibrary">
<doc>Waits until the element ``locator`` appears on the current page.</doc>
<arguments>
<arg>//*[@class="queryResultTable"]/tbody</arg>
</arguments>
<status status="PASS" starttime="20221012 17:23:52.045" endtime="20221012 17:23:52.058"></status>
</kw>
<status status="PASS" starttime="20221012 17:23:52.013" endtime="20221012 17:23:52.058"></status>
</kw>
<kw name="${i} = 5" type="foritem">
<kw name="Get Text" library="SeleniumLibrary">
<doc>Returns the text value of the element identified by ``locator``.</doc>
<arguments>
<arg>//*[@class="queryResultTable"]/tbody/tr[${${i}+1}]/td[1]</arg>
</arguments>
<assign>
<var>${iValue}</var>
</assign>
<msg timestamp="20221012 17:23:52.091" level="INFO">${iValue} = 2013-00058_MA</msg>
<status status="PASS" starttime="20221012 17:23:52.059" endtime="20221012 17:23:52.091"></status>
</kw>
<kw name="Append To List" library="Collections">
<doc>Adds ``values`` to the end of ``list``.</doc>
<arguments>
<arg>${valueList}</arg>
<arg>${iValue}</arg>
</arguments>
<status status="PASS" starttime="20221012 17:23:52.091" endtime="20221012 17:23:52.092"></status>
</kw>
<kw name="Wait Until Page Contains Element" library="SeleniumLibrary">
<doc>Waits until the element ``locator`` appears on the current page.</doc>
<arguments>
<arg>//*[@class="queryResultTable"]/tbody</arg>
</arguments>
<status status="PASS" starttime="20221012 17:23:52.092" endtime="20221012 17:23:52.103"></status>
</kw>
<status status="PASS" starttime="20221012 17:23:52.058" endtime="20221012 17:23:52.103"></status>
</kw>
<kw name="${i} = 6" type="foritem">
<kw name="Get Text" library="SeleniumLibrary">
<doc>Returns the text value of the element identified by ``locator``.</doc>
<arguments>
<arg>//*[@class="queryResultTable"]/tbody/tr[${${i}+1}]/td[1]</arg>
</arguments>
<assign>
<var>${iValue}</var>
</assign>
<msg timestamp="20221012 17:23:52.135" level="INFO">${iValue} = 2013-00059_MA</msg>
<status status="PASS" starttime="20221012 17:23:52.104" endtime="20221012 17:23:52.135"></status>
</kw>
[...]
<assign>
<var>${iValue}</var>
</assign>
<msg timestamp="20221012 17:24:39.718" level="INFO">${iValue} = 2022-00003_MA</msg>
<status status="PASS" starttime="20221012 17:24:39.670" endtime="20221012 17:24:39.718"></status>
</kw>
<kw name="Append To List" library="Collections">
<doc>Adds ``values`` to the end of ``list``.</doc>
<arguments>
<arg>${valueList}</arg>
<arg>${iValue}</arg>
</arguments>
<status status="PASS" starttime="20221012 17:24:39.718" endtime="20221012 17:24:39.719"></status>
</kw>
<kw name="Wait Until Page Contains Element" library="SeleniumLibrary">
<doc>Waits until the element ``locator`` appears on the current page.</doc>
<arguments>
<arg>//*[@class="queryResultTable"]/tbody</arg>
</arguments>
<status status="PASS" starttime="20221012 17:24:39.719" endtime="20221012 17:24:39.733"></status>
</kw>
<status status="PASS" starttime="20221012 17:24:39.670" endtime="20221012 17:24:39.733"></status>
</kw>
<kw name="${i} = 16" type="foritem">
<kw name="Get Text" library="SeleniumLibrary">
<doc>Returns the text value of the element identified by ``locator``.</doc>
<arguments>
<arg>//*[@class="queryResultTable"]/tbody/tr[${${i}+1}]/td[1]</arg>
</arguments>
<assign>
<var>${iValue}</var>
</assign>
<msg timestamp="20221012 17:24:39.779" level="INFO">${iValue} = 2022-00005_MA</msg>
<status status="PASS" starttime="20221012 17:24:39.733" endtime="20221012 17:24:39.780"></status>
</kw>
<kw name="Append To List" library="Collections">
<doc>Adds ``values`` to the end of ``list``.</doc>
<arguments>
<arg>${valueList}</arg>
<arg>${iValue}</arg>
</arguments>
<status status="PASS" starttime="20221012 17:24:39.780" endtime="20221012 17:24:39.780"></status>
</kw>
<kw name="Wait Until Page Contains Element" library="SeleniumLibrary">
<doc>Waits until the element ``locator`` appears on the current page.</doc>
<arguments>
<arg>//*[@class="queryResultTable"]/tbody</arg>
</arguments>
<status status="PASS" starttime="20221012 17:24:39.781" endtime="20221012 17:24:39.792"></status>
</kw>
<status status="PASS" starttime="20221012 17:24:39.733" endtime="20221012 17:24:39.793"></status>
</kw>
<kw name="${i} = 17" type="foritem">
<kw name="Get Text" library="SeleniumLibrary">
<doc>Returns the text value of the element identified by ``locator``.</doc>
<arguments>
<arg>//*[@class="queryResultTable"]/tbody/tr[${${i}+1}]/td[1]</arg>
</arguments>
<assign>
<var>${iValue}</var>
</assign>
<msg timestamp="20221012 17:24:39.836" level="INFO">${iValue} = 2022-00006_MA</msg>
<status status="PASS" starttime="20221012 17:24:39.793" endtime="20221012 17:24:39.836"></status>
</kw>
<kw name="Append To List" library="Collections">
<doc>Adds ``values`` to the end of ``list``.</doc>
<arguments>
<arg>${valueList}</arg>
<arg>${iValue}</arg>
</arguments>
<status status="PASS" starttime="20221012 17:24:39.837" endtime="20221012 17:24:39.837"></status>
</kw>
<kw name="Wait Until Page Contains Element" library="SeleniumLibrary">
<doc>Waits until the element ``locator`` appears on the current page.</doc>
<arguments>
<arg>//*[@class="queryResultTable"]/tbody</arg>
</arguments>
<status status="PASS" starttime="20221012 17:24:39.837" endtime="20221012 17:24:39.851"></status>
</kw>
<status status="PASS" starttime="20221012 17:24:39.793" endtime="20221012 17:24:39.851"></status>
</kw>
<kw name="${i} = 18" type="foritem">
<kw name="Get Text" library="SeleniumLibrary">
<doc>Returns the text value of the element identified by ``locator``.</doc>
<arguments>
<arg>//*[@class="queryResultTable"]/tbody/tr[${${i}+1}]/td[1]</arg>
</arguments>
<assign>
<var>${iValue}</var>
</assign>
<msg timestamp="20221012 17:24:39.892" level="INFO">${iValue} = 2022-00007_MA</msg>
<status status="PASS" starttime="20221012 17:24:39.851" endtime="20221012 17:24:39.893"></status>
</kw>
<kw name="Append To List" library="Collections">
<doc>Adds ``values`` to the end of ``list``.</doc>
<arguments>
<arg>${valueList}</arg>
<arg>${iValue}</arg>
</arguments>
<status status="PASS" starttime="20221012 17:24:39.893" endtime="20221012 17:24:39.893"></status>
</kw>
<kw name="Wait Until Page Contains Element" library="SeleniumLibrary">
<doc>Waits until the element ``locator`` appears on the current page.</doc>
<arguments>
<arg>//*[@class="queryResultTable"]/tbody</arg>
</arguments>
<status status="PASS" starttime="20221012 17:24:39.894" endtime="20221012 17:24:39.907"></status>
</kw>
<status status="PASS" starttime="20221012 17:24:39.851" endtime="20221012 17:24:39.908"></status>
</kw>
<kw name="${i} = 19" type="foritem">
<kw name="Get Text" library="SeleniumLibrary">
<doc>Returns the text value of the element identified by ``locator``.</doc>
<arguments>
<arg>//*[@class="queryResultTable"]/tbody/tr[${${i}+1}]/td[1]</arg>
</arguments>
<assign>
<var>${iValue}</var>
</assign>
<msg timestamp="20221012 17:24:39.946" level="INFO">${iValue} = 2022-00008_MA</msg>
<status status="PASS" starttime="20221012 17:24:39.908" endtime="20221012 17:24:39.946"></status>
</kw>
<kw name="Append To List" library="Collections">
<doc>Adds ``values`` to the end of ``list``.</doc>
<arguments>
<arg>${valueList}</arg>
<arg>${iValue}</arg>
</arguments>
<status status="PASS" starttime="20221012 17:24:39.946" endtime="20221012 17:24:39.947"></status>
</kw>
<kw name="Wait Until Page Contains Element" library="SeleniumLibrary">
<doc>Waits until the element ``locator`` appears on the current page.</doc>
<arguments>
<arg>//*[@class="queryResultTable"]/tbody</arg>
</arguments>
<status status="PASS" starttime="20221012 17:24:39.947" endtime="20221012 17:24:39.958"></status>
</kw>
<status status="PASS" starttime="20221012 17:24:39.908" endtime="20221012 17:24:39.959"></status>
</kw>
<kw name="${i} = 20" type="foritem">
<kw name="Get Text" library="SeleniumLibrary">
<doc>Returns the text value of the element identified by ``locator``.</doc>
<arguments>
<arg>//*[@class="queryResultTable"]/tbody/tr[${${i}+1}]/td[1]</arg>
</arguments>
<assign>
<var>${iValue}</var>
</assign>
<msg timestamp="20221012 17:24:39.996" level="INFO">${iValue} = 3013_Contracts</msg>
<status status="PASS" starttime="20221012 17:24:39.959" endtime="20221012 17:24:39.997"></status>
</kw>
<kw name="Append To List" library="Collections">
<doc>Adds ``values`` to the end of ``list``.</doc>
<arguments>
<arg>${valueList}</arg>
<arg>${iValue}</arg>
</arguments>
<status status="PASS" starttime="20221012 17:24:39.997" endtime="20221012 17:24:39.997"></status>
</kw>
<kw name="Wait Until Page Contains Element" library="SeleniumLibrary">
<doc>Waits until the element ``locator`` appears on the current page.</doc>
<arguments>
<arg>//*[@class="queryResultTable"]/tbody</arg>
</arguments>
<status status="PASS" starttime="20221012 17:24:39.998" endtime="20221012 17:24:40.011"></status>
</kw>
<status status="PASS" starttime="20221012 17:24:39.959" endtime="20221012 17:24:40.012"></status>
</kw>
<kw name="${i} = 21" type="foritem">
<kw name="Get Text" library="SeleniumLibrary">
<doc>Returns the text value of the element identified by ``locator``.</doc>
<arguments>
<arg>//*[@class="queryResultTable"]/tbody/tr[${${i}+1}]/td[1]</arg>
</arguments>
<assign>
<var>${iValue}</var>
</assign>
<msg timestamp="20221012 17:24:40.085" level="INFO">${iValue} = GCMS - Contracts</msg>
<status status="PASS" starttime="20221012 17:24:40.012" endtime="20221012 17:24:40.085"></status>
</kw>
<kw name="Append To List" library="Collections">
<doc>Adds ``values`` to the end of ``list``.</doc>
<arguments>
<arg>${valueList}</arg>
<arg>${iValue}</arg>
</arguments>
<status status="PASS" starttime="20221012 17:24:40.085" endtime="20221012 17:24:40.086"></status>
</kw>
<kw name="Wait Until Page Contains Element" library="SeleniumLibrary">
<doc>Waits until the element ``locator`` appears on the current page.</doc>
<arguments>
<arg>//*[@class="queryResultTable"]/tbody</arg>
</arguments>
<status status="PASS" starttime="20221012 17:24:40.086" endtime="20221012 17:24:40.104"></status>
</kw>
<status status="PASS" starttime="20221012 17:24:40.012" endtime="20221012 17:24:40.105"></status>
</kw>
<kw name="${i} = 22" type="foritem">
<kw name="Get Text" library="SeleniumLibrary">
<doc>Returns the text value of the element identified by ``locator``.</doc>
<arguments>
<arg>//*[@class="queryResultTable"]/tbody/tr[${${i}+1}]/td[1]</arg>
</arguments>
<assign>
<var>${iValue}</var>
</assign>
<msg timestamp="20221012 17:24:40.149" level="INFO">${iValue} = GCMS20114</msg>
<status status="PASS" starttime="20221012 17:24:40.105" endtime="20221012 17:24:40.150"></status>
</kw>
<kw name="Append To List" library="Collections">
<doc>Adds ``values`` to the end of ``list``.</doc>
<arguments>
<arg>${valueList}</arg>
<arg>${iValue}</arg>
</arguments>
<status status="PASS" starttime="20221012 17:24:40.150" endtime="20221012 17:24:40.151"></status>
</kw>
<kw name="Wait Until Page Contains Element" library="SeleniumLibrary">
<doc>Waits until the element ``locator`` appears on the current page.</doc>
<arguments>
<arg>//*[@class="queryResultTable"]/tbody</arg>
</arguments>
<status status="PASS" starttime="20221012 17:24:40.151" endtime="20221012 17:24:40.166"></status>
</kw>
<status status="PASS" starttime="20221012 17:24:40.105" endtime="20221012 17:24:40.167"></status>
</kw>
<kw name="${i} = 23" type="foritem">
<kw name="Get Text" library="SeleniumLibrary">
<doc>Returns the text value of the element identified by ``locator``.</doc>
<arguments>
<arg>//*[@class="queryResultTable"]/tbody/tr[${${i}+1}]/td[1]</arg>
</arguments>
<assign>
<var>${iValue}</var>
</assign>
<msg timestamp="20221012 17:24:40.204" level="INFO">${iValue} = GCMS20115</msg>
<status status="PASS" starttime="20221012 17:24:40.167" endtime="20221012 17:24:40.204"></status>
</kw>
<kw name="Append To List" library="Collections">
<doc>Adds ``values`` to the end of ``list``.</doc>
<arguments>
<arg>${valueList}</arg>
<arg>${iValue}</arg>
</arguments>
<status status="PASS" starttime="20221012 17:24:40.205" endtime="20221012 17:24:40.205"></status>
</kw>
<kw name="Wait Until Page Contains Element" library="SeleniumLibrary">
<doc>Waits until the element ``locator`` appears on the current page.</doc>
<arguments>
<arg>//*[@class="queryResultTable"]/tbody</arg>
</arguments>
<status status="PASS" starttime="20221012 17:24:40.206" endtime="20221012 17:24:40.222"></status>
</kw>
<status status="PASS" starttime="20221012 17:24:40.167" endtime="20221012 17:24:40.222"></status>
</kw>
<kw name="${i} = 24" type="foritem">
<kw name="Get Text" library="SeleniumLibrary">
<doc>Returns the text value of the element identified by ``locator``.</doc>
<arguments>
<arg>//*[@class="queryResultTable"]/tbody/tr[${${i}+1}]/td[1]</arg>
</arguments>
<assign>
<var>${iValue}</var>
</assign>
<msg timestamp="20221012 17:24:40.263" level="INFO">${iValue} = GCMS20116</msg>
<status status="PASS" starttime="20221012 17:24:40.222" endtime="20221012 17:24:40.263"></status>
</kw>
<kw name="Append To List" library="Collections">
<doc>Adds ``values`` to the end of ``list``.</doc>
<arguments>
<arg>${valueList}</arg>
<arg>${iValue}</arg>
</arguments>
<status status="PASS" starttime="20221012 17:24:40.264" endtime="20221012 17:24:40.264"></status>
</kw>
<kw name="Wait Until Page Contains Element" library="SeleniumLibrary">
<doc>Waits until the element ``locator`` appears on the current page.</doc>
<arguments>
<arg>//*[@class="queryResultTable"]/tbody</arg>
</arguments>
<status status="PASS" starttime="20221012 17:24:40.264" endtime="20221012 17:24:40.277"></status>
</kw>
<status status="PASS" starttime="20221012 17:24:40.222" endtime="20221012 17:24:40.278"></status>
</kw>
<kw name="${i} = 25" type="foritem">
<kw name="Get Text" library="SeleniumLibrary">
<doc>Returns the text value of the element identified by ``locator``.</doc>
<arguments>
<arg>//*[@class="queryResultTable"]/tbody/tr[${${i}+1}]/td[1]</arg>
</arguments>
<assign>
<var>${iValue}</var>
</assign>
<msg timestamp="20221012 17:24:40.322" level="INFO">${iValue} = GCMS20118</msg>
<status status="PASS" starttime="20221012 17:24:40.278" endtime="20221012 17:24:40.322"></status>
</kw>
<kw name="Append To List" library="Collections">
<doc>Adds ``values`` to the end of ``list``.</doc>
<arguments>
<arg>${valueList}</arg>
<arg>${iValue}</arg>
</arguments>
<status status="PASS" starttime="20221012 17:24:40.324" endtime="20221012 17:24:40.325"></status>
</kw>
<kw name="Wait Until Page Contains Element" library="SeleniumLibrary">
<doc>Waits until the element ``locator`` appears on the current page.</doc>
<arguments>
<arg>//*[@class="queryResultTable"]/tbody</arg>
</arguments>
<status status="PASS" starttime="20221012 17:24:40.326" endtime="20221012 17:24:40.344"></status>
</kw>
<status status="PASS" starttime="20221012 17:24:40.278" endtime="20221012 17:24:40.344"></status>
</kw>
<kw name="${i} = 26" type="foritem">
<kw name="Get Text" library="SeleniumLibrary">
<doc>Returns the text value of the element identified by ``locator``.</doc>
<arguments>
<arg>//*[@class="queryResultTable"]/tbody/tr[${${i}+1}]/td[1]</arg>
</arguments>
<assign>
<var>${iValue}</var>
</assign>
<msg timestamp="20221012 17:24:40.405" level="INFO">${iValue} = GCMS20120</msg>
<status status="PASS" starttime="20221012 17:24:40.345" endtime="20221012 17:24:40.406"></status>
</kw>
<kw name="Append To List" library="Collections">
<doc>Adds ``values`` to the end of ``list``.</doc>
<arguments>
<arg>${valueList}</arg>
<arg>${iValue}</arg>
</arguments>
<status status="PASS" starttime="20221012 17:24:40.406" endtime="20221012 17:24:40.407"></status>
</kw>
<kw name="Wait Until Page Contains Element" library="SeleniumLibrary">
<doc>Waits until the element ``locator`` appears on the current page.</doc>
<arguments>
<arg>//*[@class="queryResultTable"]/tbody</arg>
</arguments>
<status status="PASS" starttime="20221012 17:24:40.407" endtime="20221012 17:24:40.424"></status>
</kw>
<status status="PASS" starttime="20221012 17:24:40.344" endtime="20221012 17:24:40.424"></status>
</kw>
<kw name="${i} = 27" type="foritem">
<kw name="Get Text" library="SeleniumLibrary">
<doc>Returns the text value of the element identified by ``locator``.</doc>
<arguments>
<arg>//*[@class="queryResultTable"]/tbody/tr[${${i}+1}]/td[1]</arg>
</arguments>
<assign>
<var>${iValue}</var>
</assign>
<msg timestamp="20221012 17:24:40.477" level="INFO">${iValue} = GCMS20130</msg>
<status status="PASS" starttime="20221012 17:24:40.425" endtime="20221012 17:24:40.477"></status>
</kw>
<kw name="Append To List" library="Collections">
<doc>Adds ``values`` to the end of ``list``.</doc>
<arguments>
<arg>${valueList}</arg>
<arg>${iValue}</arg>
</arguments>
<status status="PASS" starttime="20221012 17:24:40.478" endtime="20221012 17:24:40.478"></status>
</kw>
<kw name="Wait Until Page Contains Element" library="SeleniumLibrary">
<doc>Waits until the element ``locator`` appears on the current page.</doc>
<arguments>
<arg>//*[@class="queryResultTable"]/tbody</arg>
</arguments>
<status status="PASS" starttime="20221012 17:24:40.478" endtime="20221012 17:24:40.491"></status>
</kw>
<status status="PASS" starttime="20221012 17:24:40.424" endtime="20221012 17:24:40.491"></status>
</kw>
<kw name="${i} = 28" type="foritem">
<kw name="Get Text" library="SeleniumLibrary">
<doc>Returns the text value of the element identified by ``locator``.</doc>
<arguments>
<arg>//*[@class="queryResultTable"]/tbody/tr[${${i}+1}]/td[1]</arg>
</arguments>
<assign>
<var>${iValue}</var>
</assign>
<msg timestamp="20221012 17:24:40.549" level="INFO">${iValue} = GCMS20132</msg>
<status status="PASS" starttime="20221012 17:24:40.492" endtime="20221012 17:24:40.550"></status>
</kw>
<kw name="Append To List" library="Collections">
<doc>Adds ``values`` to the end of ``list``.</doc>
<arguments>
<arg>${valueList}</arg>
<arg>${iValue}</arg>
</arguments>
<status status="PASS" starttime="20221012 17:24:40.550" endtime="20221012 17:24:40.551"></status>
</kw>
<kw name="Wait Until Page Contains Element" library="SeleniumLibrary">
<doc>Waits until the element ``locator`` appears on the current page.</doc>
<arguments>
<arg>//*[@class="queryResultTable"]/tbody</arg>
</arguments>
<status status="PASS" starttime="20221012 17:24:40.551" endtime="20221012 17:24:40.568"></status>
</kw>
<status status="PASS" starttime="20221012 17:24:40.491" endtime="20221012 17:24:40.568"></status>
</kw>
<status status="PASS" starttime="20221012 17:24:38.742" endtime="20221012 17:24:40.568"></status>
</kw>
<kw name="Datasettransfer" library="traversetoExcel">
<arguments>
<arg>${valueList}</arg>
<arg>//acprd01//E//3M_CAC//SOGS//tdc.xlsx</arg>
</arguments>
<status status="PASS" starttime="20221012 17:24:40.569" endtime="20221012 17:24:40.766"></status>
</kw>
<status status="PASS" starttime="20221012 17:24:38.742" endtime="20221012 17:24:40.767"></status>
</kw>
<kw name="Run Keyword If" library="BuiltIn">
<doc>Runs the given keyword with the given arguments, if ``condition`` is true.</doc>
<arguments>
<arg>'${${i}+1}'!='${pagecount}'</arg>
<arg>Click Element</arg>
<arg>//*[@class="nextLink nextLinkUp"]</arg>
</arguments>
<status status="PASS" starttime="20221012 17:24:40.767" endtime="20221012 17:24:40.768"></status>
</kw>
<kw name="Sleep" library="BuiltIn">
<doc>Pauses the test executed for the given time.</doc>
<arguments>
<arg>3</arg>
</arguments>
<msg timestamp="20221012 17:24:43.770" level="INFO">Slept 3 seconds</msg>
<status status="PASS" starttime="20221012 17:24:40.769" endtime="20221012 17:24:43.770"></status>
</kw>
<kw name="Click Element" library="SeleniumLibrary">
<doc>Click the element identified by ``locator``.</doc>
<arguments>
<arg>//*[@class="TabTextBold"]</arg>
</arguments>
<msg timestamp="20221012 17:24:43.771" level="INFO">Clicking element '//*[@class="TabTextBold"]'.</msg>
<status status="PASS" starttime="20221012 17:24:43.770" endtime="20221012 17:24:43.843"></status>
</kw>
<kw name="Sleep" library="BuiltIn">
<doc>Pauses the test executed for the given time.</doc>
<arguments>
<arg>3</arg>
</arguments>
<msg timestamp="20221012 17:24:46.845" level="INFO">Slept 3 seconds</msg>
<status status="PASS" starttime="20221012 17:24:43.844" endtime="20221012 17:24:46.845"></status>
</kw>
<status status="PASS" starttime="20221012 17:24:38.680" endtime="20221012 17:24:46.845"></status>
</kw>
<status status="PASS" starttime="20221012 17:23:39.628" endtime="20221012 17:24:46.845"></status>
</kw>
<kw name="Log To Console" library="BuiltIn">
<doc>Logs the given message to the console.</doc>
<arguments>
<arg>${valueList}</arg>
</arguments>
<status status="PASS" starttime="20221012 17:24:46.845" endtime="20221012 17:24:46.847"></status>
</kw>
<status status="PASS" starttime="20221012 17:23:31.661" endtime="20221012 17:24:46.847"></status>
</kw>
<kw name="Run Keyword If Test Failed" library="BuiltIn" type="teardown">
<doc>Runs the given keyword with the given arguments, if the test failed.</doc>
<arguments>
<arg>update automationcenter failure</arg>
<arg>${TEST MESSAGE}</arg>
</arguments>
<status status="PASS" starttime="20221012 17:24:46.853" endtime="20221012 17:24:46.853"></status>
</kw>
<status status="PASS" starttime="20221012 17:23:31.660" endtime="20221012 17:24:46.854" critical="yes"></status>
</test>
<status status="PASS" starttime="20221012 17:23:30.217" endtime="20221012 17:24:46.857"></status>
</suite>
<statistics>
<total>
<stat pass="1" fail="0">Critical Tests</stat>
<stat pass="1" fail="0">All Tests</stat>
</total>
<tag>
</tag>
<suite>
<stat pass="1" fail="0" id="s1" name="Spdocupload">Spdocupload</stat>
</suite>
</statistics>
<errors>
</errors>
</robot>
